\BOOKMARK [1][-]{section.1}{Introduction}{}% 1
\BOOKMARK [1][-]{section.2}{Accounts}{}% 2
\BOOKMARK [1][-]{section.3}{Getting Started at SCOREC/CCI}{}% 3
\BOOKMARK [1][-]{section.4}{Test Case Setup}{}% 4
\BOOKMARK [1][-]{section.5}{Mesh Generation}{}% 5
\BOOKMARK [1][-]{section.6}{Run Preprocessor and PHASTA}{}% 6
\BOOKMARK [2][-]{subsection.6.1}{Run Preprocessor}{section.6}% 7
\BOOKMARK [2][-]{subsection.6.2}{Run PHASTA}{section.6}% 8
\BOOKMARK [1][-]{section.7}{Output}{}% 9
\BOOKMARK [1][-]{section.8}{Post-processing}{}% 10
\BOOKMARK [1][-]{appendix.A}{Getting Started at SCOREC/CCI}{}% 11
\BOOKMARK [2][-]{subsection.A.1}{Connecting to the systems}{appendix.A}% 12
\BOOKMARK [3][-]{subsubsection.A.1.1}{SCOREC}{subsection.A.1}% 13
\BOOKMARK [3][-]{subsubsection.A.1.2}{CCI}{subsection.A.1}% 14
\BOOKMARK [2][-]{subsection.A.2}{File Systems}{appendix.A}% 15
\BOOKMARK [3][-]{subsubsection.A.2.1}{SCOREC}{subsection.A.2}% 16
\BOOKMARK [3][-]{subsubsection.A.2.2}{CCI}{subsection.A.2}% 17
\BOOKMARK [2][-]{subsection.A.3}{Moving Files}{appendix.A}% 18
\BOOKMARK [2][-]{subsection.A.4}{Compiling the Stack}{appendix.A}% 19
\BOOKMARK [1][-]{appendix.B}{Build PHASTA pre-processor/Model and Mesh Converters/Build PHASTA Flow Solver}{}% 20
\BOOKMARK [2][-]{subsection.B.1}{Build PHASTA pre-processor and Model and Mesh Converters}{appendix.B}% 21
\BOOKMARK [2][-]{subsection.B.2}{Build PHASTA Flow Solver}{appendix.B}% 22
\BOOKMARK [1][-]{appendix.C}{Mesh Generation}{}% 23
\BOOKMARK [1][-]{appendix.D}{Boundary Conditions}{}% 24
