/project/projectdirs/m349/cws/ace3p/bin//omega3p omega3p
omega3p 32 1
*************************************************************
			 Omega3P

ACE3P git repo hash: 4a2398d81cf2e8b795d3c82f77d84a83ceca4885
ACE3P Codes Source Branch: master
Compile date:Compilation Date:          2016-05-18

*************************************************************

         Copyright 2016, Stanford University 

Authors make no representations or warranties, expressed or 
implied. By way of example, but not limitation, authors make 
no representatinos or warranties of merchantibility or 
fitness for any particular purpose or that the use of the 
software componentns of documentation will not infringe any
patents, copyrights, trademarks or other rights.

The Authors shall not be held liable for any liability 
nor for any direct, indirect or consequential damages with 
respect to any claim by users or any third party on account 
of or arising from the use of this software.

*************************************************************

Advanced Computations Department
SLAC National Accelerator Laboratory
https://slacportal.slac.stanford.edu/sites/ard_public/acd/Pages/Default.aspx
Contact: ace3p@slac.stanford.edu

Thank you for citing ACE3P when publishing related results.

*************************************************************

Starting master process on nid01130
Number of MPI processes: 32
Number of compute nodes: 4
Number of processes per node: 8
Data precision: 64 bits
Compiler: 5.2.0 20150716 (Cray Inc.)
Boundary conditions:
0 = INTERIOR
3 = ELECTRIC
4 = ELECTRIC
6 = EXTERIOR
7 = ELECTRIC
8 = ELECTRIC
9 = ELECTRIC
68 = ELECTRIC

Boundary 6 has surface conductivity of 58000000 S/m
Read Mesh: /global/cscratch1/sd/cwsmith/cws/cav17/cav17f.ncdf
Read Mesh in: 0.7508769035339355 seconds
Mesh peak memory usage (MB) 168.37109375
Time for reading the model: 0.8059849739074707

Using curved quadratic tetrahedrons
Setting global vector finite element basis order to p=2
Setting 'Material' PRegion basis order to p=2
Setting 'Material' PRegion basis order to p=2
    Time for making right-orientation and calculating Adjacency: 0.2729449272155762
Partitioning Method: parmetis
      Setup: Max:   0.003, Sum:   0.090, Balance:   1.007
   Matching: Max:   0.004, Sum:   0.123, Balance:   1.003
Contraction: Max:   0.003, Sum:   0.082, Balance:   1.005
   InitPart: Max:   0.006, Sum:   0.204, Balance:   1.000
    Project: Max:   0.000, Sum:   0.004, Balance:   1.418
 Initialize: Max:   0.001, Sum:   0.033, Balance:   1.042
      K-way: Max:   0.007, Sum:   0.231, Balance:   1.001
      Remap: Max:   0.000, Sum:   0.002, Balance:   1.012
      Total: Max:   0.024, Sum:   0.778, Balance:   1.000
    Time for partitioning mesh: 0.1278419494628906
==========================================================
DOF per 	 Node 	 Edge 	 Triangle 	 Volume 
        	 0 	 2 	 2 	 	 0
Total DOFs per tetrahedron = 20
==========================================================
    Time for replicating remote meshes: 0.03320598602294922

***********************************************************
*	Total Number of Elements read: 	318118
*	Total Number of Elements used: 	318118
*	Total Number of DOFs: 	1928824
***********************************************************

entity_count <vtx edge face region> 51223 524669 860005 416322 
entity_imbalance <vtx edge face region> 1.14136 1.23738 1.18675 1.15211 
Time for setting up finite element framework: 0.862553
/********************************/
/* input parameters, KVC syntax */
/********************************/


        Mesh : { 
            ReplicatedElementDistribution : { 
                min : 663 
                total : 98204 
                stddev : 1118.2991333328 
                max : 5087 
                average : 3068.875 
            }
            File : /global/cscratch1/sd/cwsmith/cws/cav17/cav17f.ncdf 
            MeshCoords : 61467 
            ElementDistribution : { 
                min : 9245 
                total : 318118 
                stddev : 259.66994404187 
                max : 10426 
                average : 9941.1875 
            }
        }
/********************************/





Checking Mesh Quality:

TETRAHEDRAL ELEMENTS:
  number   = 318118

INVERTED SECOND-ORDER ELEMENTS:
  number   = 0 <- GOOD!

ASPECT RATIO:
  min      = 1.02462
  max      = 4.47239 <- GREAT
  average  = 1.59221
  std dev  = 0.2113

SHAPE MEASURE:
  min      = 0.0263681
  max      = 2.03209
  average  = 0.80651
  std dev  = 0.117115

ELEMENT VOLUME:
  min      = 4.09815e-10
  max      = 5.09574e-07
  average  = 1.02876e-07
  std dev  = 7.73143e-08

BOUNDING BOX:
  min      = (-0.140506, -0.140507, -0.3875)
  max      = (0.140506, 0.395, 0.39)

EDGE LENGTH:
  min      = 0.00084247
  max      = 0.0239448
  average  = 0.00945209
  std dev  = 0.0034646

Time for checking the mesh quality: 0.272323
Imbalance Statistics
Local Elements Max 10426 Min 9245 Tot 318118 Avg 9941.000000 Imb 1.048788
Ghost Elements Max 5087 Min 663 Tot 98204 Avg 3068.000000 Imb 1.658083
Total Elements Max 14989 Min 10995 Tot 416322 Avg 13010.000000 Imb 1.152114
Local Vertices Max 2598 Min 2015 Tot 69976 Avg 2186.000000 Imb 1.188472
Ghost Vertices Max 1862 Min 256 Tot 36642 Avg 1145.000000 Imb 1.626201
Total Vertices Max 4135 Min 2554 Tot 106618 Avg 3331.000000 Imb 1.241369
Time for save/load ComputationalMesh: 0.016053
Total Volume of the structure is : 0.0327268
Calling real solver
No.      	 Sum 	 Average	 Max 	 Min 	 Std_dev
Diagonal:	77158776	 2.41e+06	 2561504	 2052096	 1.22e+05
Offdiagonal:	2987112	 9.33e+04	 150944	 20292	 3.42e+04
Nonlocal v:	341684	 1.07e+04	 17078	 2222	 3.97e+03

Number of Grad DOFs: 345312
<omega3p>.<crab.o3p.in>.EigenSolver[0].Arnoldi[0].LinearSolver[0].ParMetisOrdering 32

**********************************************************
 ARPACK Loop: 
Shift = 6.681093427536301e+01
**********************************************************
factorizing the matrix using MUMPS ...
Using ParMETIS for ordering...
Use 32 processors to do parallel reordering (ParMetis)
Partition of Processors: 0 1 2 3 4 5 6 7 8 9 10 11 12 13 14 15 16 17 18 19 20 21 22 23 24 25 26 27 28 29 30 31 32 
Processor 0: 0, 63174
Processor 1: 63174, 124232
Processor 2: 124232, 184864
Processor 3: 184864, 242732
Processor 4: 242732, 298808
Processor 5: 298808, 357726
Processor 6: 357726, 419768
Processor 7: 419768, 478610
Processor 8: 478610, 537676
Processor 9: 537676, 598576
Processor 10: 598576, 658618
Processor 11: 658618, 719452
Processor 12: 719452, 776814
Processor 13: 776814, 838538
Processor 14: 838538, 900928
Processor 15: 900928, 961660
Processor 16: 961660, 1019604
Processor 17: 1019604, 1082182
Processor 18: 1082182, 1143222
Processor 19: 1143222, 1205382
Processor 20: 1205382, 1266852
Processor 21: 1266852, 1330024
Processor 22: 1330024, 1391084
Processor 23: 1391084, 1445870
Processor 24: 1445870, 1507774
Processor 25: 1507774, 1567932
Processor 26: 1567932, 1629486
Processor 27: 1629486, 1690106
Processor 28: 1690106, 1752350
Processor 29: 1752350, 1813142
Processor 30: 1813142, 1873848
Processor 31: 1873848, 1928824
total: 1928824 32
Generate ordering using parmetis...
Finished generating ordering using parmetis 


Analysis step: 3.62584 seconds

	Maximal per-core estimated memory 	 1573 MB
	Aggregated estimated memory 	 34670 MB
	Maximal per-core estimated memory if OOC 	 1073MB
	Aggregated estimated memory if OOC 	 23712MB


Factorization step: 25.549 seconds

Memory usage:
used mem per MPI process: min: 8.3714e+02 MB, max: 1.5375e+03 MB, avg: 1.0899e+03 MB, stddev: 1.5974e+02 MB, total: 3.4875e+04 MB
used mem per node in GB : min: 1.2226e+01 GB, max: 1.3964e+01 GB, avg: 1.2725e+01 GB, stddev: 7.3179e-01 GB, total: 5.0898e+01 GB
used mem per node in %  : min: 9.7002e+00  %, max: 1.1079e+01  %, avg: 1.0095e+01  %, stddev: 5.8059e-01  %

	 ncv=6	 nev=1
Linear Solver Preparation Time: 3.3737e+01
Solver Time: 6.0678e+00
Number of converged eigenpairs = 1

Eigenvalue: 7.0507730948952059e+01
	Frequency: 4.0064451725272894e+08
	Residual: 4.9914606523314257e-12

**********************************************************
Total number of OP*x operations: 13
Total number of B*x operations if BMAT='G': 36
Total number of steps of re-orthogonalization: 9
**********************************************************
COMMIT MODE: 0 FREQ = 4.0064451725272894e+08	 k= 8.3968881705636669e+00	norm(v[0]) = 1.9178457841853511e+01
Number of TriSolve: 13. Average time for one TriSolv: 0.46535
      Setup: Max:   0.002, Sum:   0.080, Balance:   1.002
   Matching: Max:   0.004, Sum:   0.118, Balance:   1.002
Contraction: Max:   0.002, Sum:   0.079, Balance:   1.003
   InitPart: Max:   0.007, Sum:   0.208, Balance:   1.000
    Project: Max:   0.000, Sum:   0.003, Balance:   1.425
 Initialize: Max:   0.001, Sum:   0.033, Balance:   1.033
      K-way: Max:   0.007, Sum:   0.222, Balance:   1.002
      Remap: Max:   0.000, Sum:   0.002, Balance:   1.025
      Total: Max:   0.023, Sum:   0.750, Balance:   1.000
Omega3p ran in 55.510004 seconds.
Omega3p peak memory usage (MB) 3511.30
omega3p 64 1
*************************************************************
			 Omega3P

ACE3P git repo hash: 4a2398d81cf2e8b795d3c82f77d84a83ceca4885
ACE3P Codes Source Branch: master
Compile date:Compilation Date:          2016-05-18

*************************************************************

         Copyright 2016, Stanford University 

Authors make no representations or warranties, expressed or 
implied. By way of example, but not limitation, authors make 
no representatinos or warranties of merchantibility or 
fitness for any particular purpose or that the use of the 
software componentns of documentation will not infringe any
patents, copyrights, trademarks or other rights.

The Authors shall not be held liable for any liability 
nor for any direct, indirect or consequential damages with 
respect to any claim by users or any third party on account 
of or arising from the use of this software.

*************************************************************

Advanced Computations Department
SLAC National Accelerator Laboratory
https://slacportal.slac.stanford.edu/sites/ard_public/acd/Pages/Default.aspx
Contact: ace3p@slac.stanford.edu

Thank you for citing ACE3P when publishing related results.

*************************************************************

Starting master process on nid01130
Number of MPI processes: 64
Number of compute nodes: 4
Number of processes per node: 16
Data precision: 64 bits
Compiler: 5.2.0 20150716 (Cray Inc.)
Boundary conditions:
0 = INTERIOR
3 = ELECTRIC
4 = ELECTRIC
6 = EXTERIOR
7 = ELECTRIC
8 = ELECTRIC
9 = ELECTRIC
68 = ELECTRIC

Boundary 6 has surface conductivity of 58000000 S/m
Read Mesh: /global/cscratch1/sd/cwsmith/cws/cav17/cav17f.ncdf
Read Mesh in: 0.9162909984588623 seconds
Mesh peak memory usage (MB) 217.08984375
Time for reading the model: 0.9879441261291504

Using curved quadratic tetrahedrons
Setting global vector finite element basis order to p=2
Setting 'Material' PRegion basis order to p=2
Setting 'Material' PRegion basis order to p=2
    Time for making right-orientation and calculating Adjacency: 0.08690810203552246
Partitioning Method: parmetis
      Setup: Max:   0.002, Sum:   0.133, Balance:   1.008
   Matching: Max:   0.003, Sum:   0.202, Balance:   1.003
Contraction: Max:   0.002, Sum:   0.115, Balance:   1.004
   InitPart: Max:   0.009, Sum:   0.564, Balance:   1.000
    Project: Max:   0.000, Sum:   0.007, Balance:   1.360
 Initialize: Max:   0.001, Sum:   0.050, Balance:   1.044
      K-way: Max:   0.007, Sum:   0.417, Balance:   1.004
      Remap: Max:   0.000, Sum:   0.006, Balance:   1.013
      Total: Max:   0.024, Sum:   1.514, Balance:   1.000
    Time for partitioning mesh: 0.09749197959899902
==========================================================
DOF per 	 Node 	 Edge 	 Triangle 	 Volume 
        	 0 	 2 	 2 	 	 0
Total DOFs per tetrahedron = 20
==========================================================
    Time for replicating remote meshes: 0.0468590259552002

***********************************************************
*	Total Number of Elements read: 	318118
*	Total Number of Elements used: 	318118
*	Total Number of DOFs: 	1928824
***********************************************************

entity_count <vtx edge face region> 54576 615965 983655 467119 
entity_imbalance <vtx edge face region> 1.24069 1.34512 1.27154 1.22254 
Time for setting up finite element framework: 0.452184
/********************************/
/* input parameters, KVC syntax */
/********************************/


        Mesh : { 
            ReplicatedElementDistribution : { 
                min : 589 
                total : 149001 
                stddev : 776.68146045971 
                max : 3928 
                average : 2328.140625 
            }
            File : /global/cscratch1/sd/cwsmith/cws/cav17/cav17f.ncdf 
            MeshCoords : 61467 
            ElementDistribution : { 
                min : 4583 
                total : 318118 
                stddev : 124.63912590495 
                max : 5186 
                average : 4970.59375 
            }
        }
/********************************/





Checking Mesh Quality:

TETRAHEDRAL ELEMENTS:
  number   = 318118

INVERTED SECOND-ORDER ELEMENTS:
  number   = 0 <- GOOD!

ASPECT RATIO:
  min      = 1.02462
  max      = 4.47239 <- GREAT
  average  = 1.59221
  std dev  = 0.2113

SHAPE MEASURE:
  min      = 0.0263681
  max      = 2.03209
  average  = 0.80651
  std dev  = 0.117115

ELEMENT VOLUME:
  min      = 4.09815e-10
  max      = 5.09574e-07
  average  = 1.02876e-07
  std dev  = 7.73143e-08

BOUNDING BOX:
  min      = (-0.140506, -0.140507, -0.3875)
  max      = (0.140506, 0.395, 0.39)

EDGE LENGTH:
  min      = 0.00084247
  max      = 0.0239448
  average  = 0.00945209
  std dev  = 0.0034646

Time for checking the mesh quality: 0.119754
Imbalance Statistics
Local Elements Max 5186 Min 4583 Tot 318118 Avg 4970.000000 Imb 1.043461
Ghost Elements Max 3928 Min 589 Tot 149001 Avg 2328.000000 Imb 1.687285
Total Elements Max 8923 Min 5450 Tot 467119 Avg 7298.000000 Imb 1.222664
Local Vertices Max 1472 Min 1055 Tot 74328 Avg 1161.000000 Imb 1.267873
Ghost Vertices Max 1390 Min 266 Tot 56030 Avg 875.000000 Imb 1.588571
Total Vertices Max 2583 Min 1528 Tot 130358 Avg 2036.000000 Imb 1.268664
Time for save/load ComputationalMesh: 0.00453615
Total Volume of the structure is : 0.0327268
Calling real solver
No.      	 Sum 	 Average	 Max 	 Min 	 Std_dev
Diagonal:	75769768	 1.18e+06	 1267024	 927320	 6.98e+04
Offdiagonal:	4376120	 6.84e+04	 116088	 14480	 2.33e+04
Nonlocal v:	508842	 7.95e+03	 14128	 1556	 2.75e+03

Number of Grad DOFs: 345312
<omega3p>.<crab.o3p.in>.EigenSolver[0].Arnoldi[0].LinearSolver[0].ParMetisOrdering 32

**********************************************************
 ARPACK Loop: 
Shift = 6.681093427536301e+01
**********************************************************
factorizing the matrix using MUMPS ...
Using ParMETIS for ordering...
Use 32 processors to do parallel reordering (ParMetis)
Partition of Processors: 0 2 4 6 8 10 12 14 16 18 20 22 24 26 28 30 32 34 36 38 40 42 44 46 48 50 52 54 56 58 60 62 64 
Processor 0: 0, 60958
Processor 1: 60958, 123140
Processor 2: 123140, 184924
Processor 3: 184924, 244610
Processor 4: 244610, 305280
Processor 5: 305280, 362284
Processor 6: 362284, 423440
Processor 7: 423440, 484156
Processor 8: 484156, 545712
Processor 9: 545712, 605824
Processor 10: 605824, 665140
Processor 11: 665140, 725844
Processor 12: 725844, 787284
Processor 13: 787284, 847906
Processor 14: 847906, 905454
Processor 15: 905454, 968330
Processor 16: 968330, 1029924
Processor 17: 1029924, 1092366
Processor 18: 1092366, 1154692
Processor 19: 1154692, 1215864
Processor 20: 1215864, 1273214
Processor 21: 1273214, 1335570
Processor 22: 1335570, 1397046
Processor 23: 1397046, 1457400
Processor 24: 1457400, 1517852
Processor 25: 1517852, 1572880
Processor 26: 1572880, 1632236
Processor 27: 1632236, 1692482
Processor 28: 1692482, 1754026
Processor 29: 1754026, 1815598
Processor 30: 1815598, 1873616
Processor 31: 1873616, 1928824
total: 1928824 32
Generate ordering using parmetis...
Finished generating ordering using parmetis 


Analysis step: 3.83063 seconds

	Maximal per-core estimated memory 	 1459 MB
	Aggregated estimated memory 	 47198 MB
	Maximal per-core estimated memory if OOC 	 835MB
	Aggregated estimated memory if OOC 	 37818MB


Factorization step: 22.2827 seconds

Memory usage:
used mem per MPI process: min: 4.3686e+02 MB, max: 1.2847e+03 MB, avg: 6.4043e+02 MB, stddev: 1.4264e+02 MB, total: 4.0987e+04 MB
used mem per node in GB : min: 1.3427e+01 GB, max: 1.6505e+01 GB, avg: 1.4929e+01 GB, stddev: 1.1220e+00 GB, total: 5.9714e+01 GB
used mem per node in %  : min: 1.0652e+01  %, max: 1.3095e+01  %, avg: 1.1844e+01  %, stddev: 8.9019e-01  %

	 ncv=6	 nev=1
Linear Solver Preparation Time: 3.1557e+01
Solver Time: 5.6718e+00
Number of converged eigenpairs = 1

Eigenvalue: 7.0507730948952073e+01
	Frequency: 4.0064451725272906e+08
	Residual: 5.0497888634877887e-12

**********************************************************
Total number of OP*x operations: 13
Total number of B*x operations if BMAT='G': 36
Total number of steps of re-orthogonalization: 9
**********************************************************
COMMIT MODE: 0 FREQ = 4.0064451725272906e+08	 k= 8.3968881705636687e+00	norm(v[0]) = 1.9178457841853579e+01
Number of TriSolve: 13. Average time for one TriSolv: 0.434353
      Setup: Max:   0.002, Sum:   0.134, Balance:   1.004
   Matching: Max:   0.003, Sum:   0.216, Balance:   1.001
Contraction: Max:   0.002, Sum:   0.114, Balance:   1.001
   InitPart: Max:   0.009, Sum:   0.584, Balance:   1.000
    Project: Max:   0.000, Sum:   0.007, Balance:   1.315
 Initialize: Max:   0.001, Sum:   0.050, Balance:   1.045
      K-way: Max:   0.006, Sum:   0.407, Balance:   1.001
      Remap: Max:   0.000, Sum:   0.005, Balance:   1.014
      Total: Max:   0.024, Sum:   1.525, Balance:   1.000
Omega3p ran in 47.228947 seconds.
Omega3p peak memory usage (MB) 3284.45
omega3p 128 1
*************************************************************
			 Omega3P

ACE3P git repo hash: 4a2398d81cf2e8b795d3c82f77d84a83ceca4885
ACE3P Codes Source Branch: master
Compile date:Compilation Date:          2016-05-18

*************************************************************

         Copyright 2016, Stanford University 

Authors make no representations or warranties, expressed or 
implied. By way of example, but not limitation, authors make 
no representatinos or warranties of merchantibility or 
fitness for any particular purpose or that the use of the 
software componentns of documentation will not infringe any
patents, copyrights, trademarks or other rights.

The Authors shall not be held liable for any liability 
nor for any direct, indirect or consequential damages with 
respect to any claim by users or any third party on account 
of or arising from the use of this software.

*************************************************************

Advanced Computations Department
SLAC National Accelerator Laboratory
https://slacportal.slac.stanford.edu/sites/ard_public/acd/Pages/Default.aspx
Contact: ace3p@slac.stanford.edu

Thank you for citing ACE3P when publishing related results.

*************************************************************

Starting master process on nid01130
Number of MPI processes: 128
Number of compute nodes: 4
Number of processes per node: 32
Data precision: 64 bits
Compiler: 5.2.0 20150716 (Cray Inc.)
Boundary conditions:
0 = INTERIOR
3 = ELECTRIC
4 = ELECTRIC
6 = EXTERIOR
7 = ELECTRIC
8 = ELECTRIC
9 = ELECTRIC
68 = ELECTRIC

Boundary 6 has surface conductivity of 58000000 S/m
Read Mesh: /global/cscratch1/sd/cwsmith/cws/cav17/cav17f.ncdf
Read Mesh in: 0.9004578590393066 seconds
Mesh peak memory usage (MB) 329.78515625
Time for reading the model: 1.025027990341187

Using curved quadratic tetrahedrons
Setting global vector finite element basis order to p=2
Setting 'Material' PRegion basis order to p=2
Setting 'Material' PRegion basis order to p=2
    Time for making right-orientation and calculating Adjacency: 0.4506630897521973
Partitioning Method: parmetis
      Setup: Max:   0.002, Sum:   0.276, Balance:   1.015
   Matching: Max:   0.007, Sum:   0.853, Balance:   1.017
Contraction: Max:   0.002, Sum:   0.208, Balance:   1.007
   InitPart: Max:   0.015, Sum:   1.862, Balance:   1.001
    Project: Max:   0.001, Sum:   0.022, Balance:   3.991
 Initialize: Max:   0.002, Sum:   0.199, Balance:   1.073
      K-way: Max:   0.010, Sum:   1.223, Balance:   1.009
      Remap: Max:   0.000, Sum:   0.027, Balance:   1.006
      Total: Max:   0.037, Sum:   4.772, Balance:   1.000
    Time for partitioning mesh: 0.2309150695800781
==========================================================
DOF per 	 Node 	 Edge 	 Triangle 	 Volume 
        	 0 	 2 	 2 	 	 0
Total DOFs per tetrahedron = 20
==========================================================
    Time for replicating remote meshes: 0.1612730026245117

***********************************************************
*	Total Number of Elements read: 	318118
*	Total Number of Elements used: 	318118
*	Total Number of DOFs: 	1928824
***********************************************************

entity_count <vtx edge face region> 59389 747726 1161371 540198 
entity_imbalance <vtx edge face region> 1.32765 1.46843 1.3757 1.31199 
Time for setting up finite element framework: 1.67796
/********************************/
/* input parameters, KVC syntax */
/********************************/


        Mesh : { 
            ReplicatedElementDistribution : { 
                min : 503 
                total : 222080 
                stddev : 492.70319761991 
                max : 3107 
                average : 1735 
            }
            File : /global/cscratch1/sd/cwsmith/cws/cav17/cav17f.ncdf 
            MeshCoords : 61467 
            ElementDistribution : { 
                min : 2120 
                total : 318118 
                stddev : 69.001010990539 
                max : 2574 
                average : 2485.296875 
            }
        }
/********************************/





Checking Mesh Quality:

TETRAHEDRAL ELEMENTS:
  number   = 318118

INVERTED SECOND-ORDER ELEMENTS:
  number   = 0 <- GOOD!

ASPECT RATIO:
  min      = 1.02462
  max      = 4.47239 <- GREAT
  average  = 1.59221
  std dev  = 0.2113

SHAPE MEASURE:
  min      = 0.0263681
  max      = 2.03209
  average  = 0.80651
  std dev  = 0.117115

ELEMENT VOLUME:
  min      = 4.09815e-10
  max      = 5.09574e-07
  average  = 1.02876e-07
  std dev  = 7.73143e-08

BOUNDING BOX:
  min      = (-0.140506, -0.140507, -0.3875)
  max      = (0.140506, 0.395, 0.39)

EDGE LENGTH:
  min      = 0.00084247
  max      = 0.0239448
  average  = 0.00945209
  std dev  = 0.0034646

Time for checking the mesh quality: 0.108771
Imbalance Statistics
Local Elements Max 2574 Min 2120 Tot 318118 Avg 2485.000000 Imb 1.035815
Ghost Elements Max 3107 Min 503 Tot 222080 Avg 1735.000000 Imb 1.790778
Total Elements Max 5537 Min 2991 Tot 540198 Avg 4220.000000 Imb 1.312085
Local Vertices Max 837 Min 552 Tot 80274 Avg 627.000000 Imb 1.334928
Ghost Vertices Max 1093 Min 217 Tot 83580 Avg 652.000000 Imb 1.676380
Total Vertices Max 1741 Min 865 Tot 163854 Avg 1280.000000 Imb 1.360156
Time for save/load ComputationalMesh: 0.00310183
Total Volume of the structure is : 0.0327268
Calling real solver
No.      	 Sum 	 Average	 Max 	 Min 	 Std_dev
Diagonal:	73891808	 5.77e+05	 616576	 438308	 3.39e+04
Offdiagonal:	6254080	 4.89e+04	 83736	 12812	 1.38e+04
Nonlocal v:	745366	 5.82e+03	 10266	 1620	 1.68e+03

Number of Grad DOFs: 345312
<omega3p>.<crab.o3p.in>.EigenSolver[0].Arnoldi[0].LinearSolver[0].ParMetisOrdering 32

**********************************************************
 ARPACK Loop: 
Shift = 6.681093427536301e+01
**********************************************************
factorizing the matrix using MUMPS ...
Using ParMETIS for ordering...
Use 32 processors to do parallel reordering (ParMetis)
Partition of Processors: 0 4 8 12 16 20 24 28 32 36 40 44 48 52 56 60 64 68 72 76 80 84 88 92 96 100 104 108 112 116 120 124 128 
Processor 0: 0, 61812
Processor 1: 61812, 122128
Processor 2: 122128, 183538
Processor 3: 183538, 243672
Processor 4: 243672, 301512
Processor 5: 301512, 359328
Processor 6: 359328, 420540
Processor 7: 420540, 481404
Processor 8: 481404, 540514
Processor 9: 540514, 599338
Processor 10: 599338, 659556
Processor 11: 659556, 720736
Processor 12: 720736, 781650
Processor 13: 781650, 843890
Processor 14: 843890, 904798
Processor 15: 904798, 965560
Processor 16: 965560, 1025966
Processor 17: 1025966, 1083592
Processor 18: 1083592, 1143656
Processor 19: 1143656, 1203584
Processor 20: 1203584, 1265506
Processor 21: 1265506, 1327146
Processor 22: 1327146, 1388166
Processor 23: 1388166, 1448554
Processor 24: 1448554, 1508008
Processor 25: 1508008, 1568846
Processor 26: 1568846, 1630444
Processor 27: 1630444, 1690984
Processor 28: 1690984, 1750360
Processor 29: 1750360, 1811610
Processor 30: 1811610, 1869554
Processor 31: 1869554, 1928824
total: 1928824 32
Generate ordering using parmetis...
Finished generating ordering using parmetis 


Analysis step: 3.84287 seconds

	Maximal per-core estimated memory 	 914 MB
	Aggregated estimated memory 	 63379 MB
	Maximal per-core estimated memory if OOC 	 550MB
	Aggregated estimated memory if OOC 	 57833MB


Factorization step: 17.6667 seconds

Memory usage:
used mem per MPI process: min: 2.6696e+02 MB, max: 6.9099e+02 MB, avg: 3.8638e+02 MB, stddev: 6.8213e+01 MB, total: 4.9457e+04 MB
used mem per node in GB : min: 1.6403e+01 GB, max: 1.9190e+01 GB, avg: 1.8053e+01 GB, stddev: 1.0736e+00 GB, total: 7.2211e+01 GB
used mem per node in %  : min: 1.3014e+01  %, max: 1.5225e+01  %, avg: 1.4323e+01  %, stddev: 8.5176e-01  %

	 ncv=6	 nev=1
Linear Solver Preparation Time: 2.6674e+01
Solver Time: 5.1959e+00
Number of converged eigenpairs = 1

Eigenvalue: 7.0507730948952059e+01
	Frequency: 4.0064451725272894e+08
	Residual: 5.0803037475312579e-12

**********************************************************
Total number of OP*x operations: 13
Total number of B*x operations if BMAT='G': 35
Total number of steps of re-orthogonalization: 8
**********************************************************
COMMIT MODE: 0 FREQ = 4.0064451725272894e+08	 k= 8.3968881705636669e+00	norm(v[0]) = 1.9178457841853604e+01
Number of TriSolve: 13. Average time for one TriSolv: 0.399617
      Setup: Max:   0.002, Sum:   0.210, Balance:   1.022
   Matching: Max:   0.003, Sum:   0.417, Balance:   1.001
Contraction: Max:   0.001, Sum:   0.180, Balance:   1.002
   InitPart: Max:   0.012, Sum:   1.588, Balance:   1.000
    Project: Max:   0.000, Sum:   0.017, Balance:   1.249
 Initialize: Max:   0.001, Sum:   0.152, Balance:   1.062
      K-way: Max:   0.008, Sum:   1.073, Balance:   1.000
      Remap: Max:   0.000, Sum:   0.012, Balance:   1.013
      Total: Max:   0.029, Sum:   3.673, Balance:   1.000
Omega3p ran in 41.787853 seconds.
Omega3p peak memory usage (MB) 3376.20
/project/projectdirs/m349/cws/ace3p/bin//omega3p_pumi omega3p_pumi
omega3p_pumi 32 1
*************************************************************
			 Omega3P

ACE3P git repo hash: 4a2398d81cf2e8b795d3c82f77d84a83ceca4885
ACE3P Codes Source Branch: master
Compile date:Compilation Date:          2016-05-18

*************************************************************

         Copyright 2016, Stanford University 

Authors make no representations or warranties, expressed or 
implied. By way of example, but not limitation, authors make 
no representatinos or warranties of merchantibility or 
fitness for any particular purpose or that the use of the 
software componentns of documentation will not infringe any
patents, copyrights, trademarks or other rights.

The Authors shall not be held liable for any liability 
nor for any direct, indirect or consequential damages with 
respect to any claim by users or any third party on account 
of or arising from the use of this software.

*************************************************************

Advanced Computations Department
SLAC National Accelerator Laboratory
https://slacportal.slac.stanford.edu/sites/ard_public/acd/Pages/Default.aspx
Contact: ace3p@slac.stanford.edu

Thank you for citing ACE3P when publishing related results.

*************************************************************

Starting master process on nid01130
Number of MPI processes: 32
Number of compute nodes: 4
Number of processes per node: 8
Data precision: 64 bits
Compiler: 5.2.0 20150716 (Cray Inc.)
Boundary conditions:
0 = INTERIOR
3 = ELECTRIC
4 = ELECTRIC
6 = EXTERIOR
7 = ELECTRIC
8 = ELECTRIC
9 = ELECTRIC
68 = ELECTRIC

Boundary 6 has surface conductivity of 58000000 S/m
Read Mesh: /global/cscratch1/sd/cwsmith/cws/cav17/cav17f.ncdf
ZOLTAN Load balancing method = 9 (GRAPH)
Build configuration:

  ZOLTAN_ID_TYPE: unsigned int (4 bytes)
  ZOLTAN_GNO_TYPE: ssize_t, (8 bytes)
  MPI_Datatype for ZOLTAN_ID_TYPE: MPI_UNSIGNED
  MPI_Datatype for ZOLTAN_GNO_TYPE: MPI_LONG
  Third party library: ParMetis version 4.0.3

ZOLTAN Parameter IMBALANCE_TOL[0] = 1.100000
ZOLTAN Parameter AUTO_MIGRATE = FALSE
ZOLTAN Parameter MIGRATE_ONLY_PROC_CHANGES = 1
ZOLTAN Parameter OBJ_WEIGHT_DIM = 1
ZOLTAN Parameter EDGE_WEIGHT_DIM = 0
ZOLTAN Parameter DEBUG_LEVEL = 1
ZOLTAN Parameter DEBUG_PROCESSOR = 0
ZOLTAN Parameter DETERMINISTIC = TRUE
ZOLTAN Parameter TIMER = 1 (wall)
ZOLTAN Parameter NUM_GID_ENTRIES = 1
ZOLTAN Parameter NUM_LID_ENTRIES = 1
ZOLTAN Parameter RETURN_LISTS = EXPORT
ZOLTAN Parameter NUM_GLOBAL_PARTS = 32
ZOLTAN Parameter NUM_LOCAL_PARTS = 1
ZOLTAN Parameter REMAP = 1
ZOLTAN Parameter SEED = 123456789 (123456789)
ZOLTAN Parameter LB_APPROACH = PARTITION
ZOLTAN Parameter GRAPH_PACKAGE = PARMETIS
ZOLTAN Parameter PARMETIS_METHOD = PARTKWAY
ZOLTAN Parameter PARMETIS_OUTPUT_LEVEL = 1
ZOLTAN Parameter PARMETIS_SEED = 15
ZOLTAN Parameter PARMETIS_ITR = 0.000000
ZOLTAN Parameter PARMETIS_COARSE_ALG = 2
ZOLTAN Parameter PARMETIS_FOLD = 0
Third party library index type is 4-byte integer
Third party library weight type is 4-byte integer
ZOLTAN Parameter CHECK_GRAPH = 0
ZOLTAN Parameter SCATTER_GRAPH = 1
ZOLTAN Parameter FINAL_OUTPUT = 0
ZOLTAN Parameter USE_TIMERS = 0
ZOLTAN Parameter ADD_OBJ_WEIGHT = NONE
ZOLTAN Parameter GRAPH_SYMMETRIZE = NONE
ZOLTAN Parameter GRAPH_SYM_WEIGHT = ADD
ZOLTAN Parameter GRAPH_BIPARTITE_TYPE = OBJ
ZOLTAN Parameter GRAPH_BUILD_TYPE = FAST_NO_DUP
ZOLTAN Parameter GRAPH_FAST_BUILD_BASE = 0
      Setup: Max:   0.040, Sum:   1.288, Balance:   1.001
   Matching: Max:   0.018, Sum:   0.586, Balance:   1.000
Contraction: Max:   0.013, Sum:   0.419, Balance:   1.001
   InitPart: Max:   0.006, Sum:   0.191, Balance:   1.000
    Project: Max:   0.001, Sum:   0.016, Balance:   1.126
 Initialize: Max:   0.002, Sum:   0.060, Balance:   1.038
      K-way: Max:   0.013, Sum:   0.407, Balance:   1.000
      Remap: Max:   0.000, Sum:   0.002, Balance:   1.008
      Total: Max:   0.093, Sum:   2.983, Balance:   1.000
planned Zoltan balance to target imbalance 1.100000 in 0.352897 seconds
Zoltan balanced to 1.100000 in 1.384436 seconds
PARMA_STATUS sideTol 499
PARMA_STATUS avgSides 499.468750
PARMA_STATUS face imbalance 1.227 avg 27144.844
PARMA_STATUS elm imbalance 1.217 avg 12919.969
PARMA_STATUS edge imbalance 1.243 avg 17079.719
PARMA_STATUS imbSlope 1.000000 sidesSlope 1.000000
PARMA_STATUS 5097 elements migrated in 0.019257 seconds
PARMA_STATUS endStep disconnected <max avg> 3 0.250
PARMA_STATUS endStep neighbors <max avg> 12 5.938
PARMA_STATUS endStep smallest side of max neighbor part 10
PARMA_STATUS endStep num parts with max neighbors 1
PARMA_STATUS endStep empty parts 0
PARMA_STATUS endStep small neighbor counts 1:4 2:0 3:4 4:2 5:2 6:2 7:0 8:0 9:2 10:2 
PARMA_STATUS endStep weighted vtx <tot max min avg> 69604.0 2714.0 1726.0 2175.125
PARMA_STATUS endStep weighted edge <tot max min avg> 418929.0 14826.0 10354.0 13091.531
PARMA_STATUS endStep weighted face <tot max min avg> 667469.0 22883.0 16505.0 20858.406
PARMA_STATUS endStep weighted rgn <tot max min avg> 318118.0 10925.0 7875.0 9941.188
PARMA_STATUS endStep owned bdry vtx <tot max min avg> 7487 641 0 233.969
PARMA_STATUS endStep shared bdry vtx <tot max min avg> 15624 777 161 488.250
PARMA_STATUS endStep model bdry vtx <tot max min avg> 0 0 0 0.000
PARMA_STATUS endStep sharedSidesToElements <max min avg> 0.155 0.025 0.089
PARMA_STATUS endStep entity imbalance <v e f r>: 1.25 1.13 1.10 1.10
PARMA_STATUS avgSides 488.250000
PARMA_STATUS face imbalance 1.117 avg 27079.906
PARMA_STATUS elm imbalance 1.107 avg 12882.812
PARMA_STATUS edge imbalance 1.133 avg 17048.969
PARMA_STATUS imbSlope 1.000000 sidesSlope 1.000000
PARMA_STATUS 3140 elements migrated in 0.010280 seconds
PARMA_STATUS endStep disconnected <max avg> 1 0.125
PARMA_STATUS endStep neighbors <max avg> 12 6.000
PARMA_STATUS endStep smallest side of max neighbor part 7
PARMA_STATUS endStep num parts with max neighbors 1
PARMA_STATUS endStep empty parts 0
PARMA_STATUS endStep small neighbor counts 1:2 2:2 3:4 4:0 5:2 6:2 7:4 8:0 9:0 10:0 
PARMA_STATUS endStep weighted vtx <tot max min avg> 69582.0 2701.0 1833.0 2174.438
PARMA_STATUS endStep weighted edge <tot max min avg> 418877.0 14761.0 10976.0 13089.906
PARMA_STATUS endStep weighted face <tot max min avg> 667439.0 22780.0 17474.0 20857.469
PARMA_STATUS endStep weighted rgn <tot max min avg> 318118.0 10881.0 8330.0 9941.188
PARMA_STATUS endStep owned bdry vtx <tot max min avg> 7469 712 0 233.406
PARMA_STATUS endStep shared bdry vtx <tot max min avg> 15584 724 157 487.000
PARMA_STATUS endStep model bdry vtx <tot max min avg> 0 0 0 0.000
PARMA_STATUS endStep sharedSidesToElements <max min avg> 0.151 0.024 0.089
PARMA_STATUS endStep entity imbalance <v e f r>: 1.24 1.13 1.09 1.09
PARMA_STATUS avgSides 487.000000
PARMA_STATUS face imbalance 1.088 avg 27088.156
PARMA_STATUS elm imbalance 1.092 avg 12885.656
PARMA_STATUS edge imbalance 1.084 avg 17057.781
PARMA_STATUS imbSlope 0.619345 sidesSlope -4.734375
PARMA_STATUS ghostEdges balanced in 2 steps to 1.100000 in 0.439024 seconds
mesh reordered in 0.071941 seconds
Parma time to read: 1.996905
Parma time to convert shape: 0.125776
Parma time to balance w/ zoltan: 1.386568
Parma time to balance w/ ghosting: 0.448993
Parma time to reorder: 0.072106
Parma time to convert to DM: 0.048721
Read Mesh in: 2.19478702545166 seconds
Mesh peak memory usage (MB) 704.09765625
Time for reading the model: 4.093186855316162

Using curved quadratic tetrahedrons
Setting global vector finite element basis order to p=2
Setting 'Material' PRegion basis order to p=2
Setting 'Material' PRegion basis order to p=2
    Time for making right-orientation and calculating Adjacency: 0.09416794776916504
    Time for partitioning mesh: 0
==========================================================
DOF per 	 Node 	 Edge 	 Triangle 	 Volume 
        	 0 	 2 	 2 	 	 0
Total DOFs per tetrahedron = 20
==========================================================
    Time for replicating remote meshes: 0.03179788589477539

***********************************************************
*	Total Number of Elements read: 	318118
*	Total Number of Elements used: 	318118
*	Total Number of DOFs: 	1928824
***********************************************************

entity_count <vtx edge face region> 50883 516975 849972 412341 
entity_imbalance <vtx edge face region> 1.13704 1.15676 1.11243 1.09222 
Time for setting up finite element framework: 0.52579
/********************************/
/* input parameters, KVC syntax */
/********************************/


        Mesh : { 
            ReplicatedElementDistribution : { 
                min : 810 
                total : 94223 
                stddev : 939.41563800451 
                max : 4637 
                average : 2944.46875 
            }
            File : /global/cscratch1/sd/cwsmith/cws/cav17/cav17f.ncdf 
            MeshCoords : 61467 
            ElementDistribution : { 
                min : 8330 
                total : 318118 
                stddev : 569.64122480733 
                max : 10881 
                average : 9941.1875 
            }
        }
/********************************/





Checking Mesh Quality:

TETRAHEDRAL ELEMENTS:
  number   = 318118

INVERTED SECOND-ORDER ELEMENTS:
  number   = 0 <- GOOD!

ASPECT RATIO:
  min      = 1.02462
  max      = 4.47239 <- GREAT
  average  = 1.59221
  std dev  = 0.2113

SHAPE MEASURE:
  min      = 0.0263681
  max      = 2.03209
  average  = 0.80651
  std dev  = 0.117115

ELEMENT VOLUME:
  min      = 4.09815e-10
  max      = 5.09574e-07
  average  = 1.02876e-07
  std dev  = 7.73143e-08

BOUNDING BOX:
  min      = (-0.140506, -0.140507, -0.3875)
  max      = (0.140506, 0.395, 0.39)

EDGE LENGTH:
  min      = 0.00084247
  max      = 0.0239448
  average  = 0.00945209
  std dev  = 0.0034646

Time for checking the mesh quality: 0.419154
Imbalance Statistics
Local Elements Max 10881 Min 8330 Tot 318118 Avg 9941.000000 Imb 1.094558
Ghost Elements Max 4637 Min 810 Tot 94223 Avg 2944.000000 Imb 1.575068
Total Elements Max 14074 Min 11043 Tot 412341 Avg 12885.000000 Imb 1.092278
Local Vertices Max 2701 Min 1833 Tot 69582 Avg 2174.000000 Imb 1.242410
Ghost Vertices Max 1693 Min 321 Tot 35123 Avg 1097.000000 Imb 1.543300
Total Vertices Max 3719 Min 2636 Tot 104705 Avg 3272.000000 Imb 1.136614
Time for save/load ComputationalMesh: 0.105838
Total Volume of the structure is : 0.0327268
Calling real solver
No.      	 Sum 	 Average	 Max 	 Min 	 Std_dev
Diagonal:	77389584	 2.42e+06	 2641372	 2035872	 1.58e+05
Offdiagonal:	2756304	 8.61e+04	 133388	 23352	 2.88e+04
Nonlocal v:	306364	 9.57e+03	 14602	 2326	 3.28e+03

Number of Grad DOFs: 345312
<omega3p>.<crab.o3p.in>.EigenSolver[0].Arnoldi[0].LinearSolver[0].ParMetisOrdering 32

**********************************************************
 ARPACK Loop: 
Shift = 6.681093427536301e+01
**********************************************************
factorizing the matrix using MUMPS ...
Using ParMETIS for ordering...
Use 32 processors to do parallel reordering (ParMetis)
Partition of Processors: 0 1 2 3 4 5 6 7 8 9 10 11 12 13 14 15 16 17 18 19 20 21 22 23 24 25 26 27 28 29 30 31 32 
Processor 0: 0, 64210
Processor 1: 64210, 118980
Processor 2: 118980, 184024
Processor 3: 184024, 241370
Processor 4: 241370, 297990
Processor 5: 297990, 360230
Processor 6: 360230, 422292
Processor 7: 422292, 479388
Processor 8: 479388, 537306
Processor 9: 537306, 595098
Processor 10: 595098, 655336
Processor 11: 655336, 715008
Processor 12: 715008, 778608
Processor 13: 778608, 840866
Processor 14: 840866, 900392
Processor 15: 900392, 964160
Processor 16: 964160, 1027414
Processor 17: 1027414, 1088378
Processor 18: 1088378, 1146230
Processor 19: 1146230, 1205218
Processor 20: 1205218, 1260726
Processor 21: 1260726, 1325164
Processor 22: 1325164, 1388898
Processor 23: 1388898, 1450894
Processor 24: 1450894, 1512754
Processor 25: 1512754, 1563402
Processor 26: 1563402, 1627526
Processor 27: 1627526, 1689612
Processor 28: 1689612, 1750864
Processor 29: 1750864, 1814170
Processor 30: 1814170, 1870294
Processor 31: 1870294, 1928824
total: 1928824 32
Generate ordering using parmetis...
Finished generating ordering using parmetis 


Analysis step: 3.71301 seconds

	Maximal per-core estimated memory 	 1816 MB
	Aggregated estimated memory 	 34113 MB
	Maximal per-core estimated memory if OOC 	 875MB
	Aggregated estimated memory if OOC 	 22629MB


Factorization step: 26.3726 seconds

Memory usage:
used mem per MPI process: min: 8.0414e+02 MB, max: 1.8147e+03 MB, avg: 1.0794e+03 MB, stddev: 2.3665e+02 MB, total: 3.4540e+04 MB
used mem per node in GB : min: 1.1580e+01 GB, max: 1.3501e+01 GB, avg: 1.2541e+01 GB, stddev: 9.3231e-01 GB, total: 5.0165e+01 GB
used mem per node in %  : min: 9.1875e+00  %, max: 1.0712e+01  %, avg: 9.9500e+00  %, stddev: 7.3968e-01  %

	 ncv=6	 nev=1
Linear Solver Preparation Time: 3.5221e+01
Solver Time: 6.5770e+00
Number of converged eigenpairs = 1

Eigenvalue: 7.0507730948951547e+01
	Frequency: 4.0064451725272751e+08
	Residual: 5.0506742136797736e-12

**********************************************************
Total number of OP*x operations: 13
Total number of B*x operations if BMAT='G': 34
Total number of steps of re-orthogonalization: 7
**********************************************************
COMMIT MODE: 0 FREQ = 4.0064451725272751e+08	 k= 8.3968881705636367e+00	norm(v[0]) = 1.9178457966681858e+01
Number of TriSolve: 13. Average time for one TriSolv: 0.505276
      Setup: Max:   0.061, Sum:   1.880, Balance:   1.041
   Matching: Max:   0.041, Sum:   1.325, Balance:   1.000
Contraction: Max:   0.017, Sum:   0.508, Balance:   1.092
   InitPart: Max:   0.007, Sum:   0.211, Balance:   1.000
    Project: Max:   0.001, Sum:   0.010, Balance:   2.423
 Initialize: Max:   0.002, Sum:   0.058, Balance:   1.053
      K-way: Max:   0.009, Sum:   0.277, Balance:   1.016
      Remap: Max:   0.000, Sum:   0.002, Balance:   1.019
      Total: Max:   0.142, Sum:   4.545, Balance:   1.000
Omega3p ran in 56.432434 seconds.
Omega3p peak memory usage (MB) 3375.04
omega3p_pumi 64 1
*************************************************************
			 Omega3P

ACE3P git repo hash: 4a2398d81cf2e8b795d3c82f77d84a83ceca4885
ACE3P Codes Source Branch: master
Compile date:Compilation Date:          2016-05-18

*************************************************************

         Copyright 2016, Stanford University 

Authors make no representations or warranties, expressed or 
implied. By way of example, but not limitation, authors make 
no representatinos or warranties of merchantibility or 
fitness for any particular purpose or that the use of the 
software componentns of documentation will not infringe any
patents, copyrights, trademarks or other rights.

The Authors shall not be held liable for any liability 
nor for any direct, indirect or consequential damages with 
respect to any claim by users or any third party on account 
of or arising from the use of this software.

*************************************************************

Advanced Computations Department
SLAC National Accelerator Laboratory
https://slacportal.slac.stanford.edu/sites/ard_public/acd/Pages/Default.aspx
Contact: ace3p@slac.stanford.edu

Thank you for citing ACE3P when publishing related results.

*************************************************************

Starting master process on nid01130
Number of MPI processes: 64
Number of compute nodes: 4
Number of processes per node: 16
Data precision: 64 bits
Compiler: 5.2.0 20150716 (Cray Inc.)
Boundary conditions:
0 = INTERIOR
3 = ELECTRIC
4 = ELECTRIC
6 = EXTERIOR
7 = ELECTRIC
8 = ELECTRIC
9 = ELECTRIC
68 = ELECTRIC

Boundary 6 has surface conductivity of 58000000 S/m
Read Mesh: /global/cscratch1/sd/cwsmith/cws/cav17/cav17f.ncdf
ZOLTAN Load balancing method = 9 (GRAPH)
Build configuration:

  ZOLTAN_ID_TYPE: unsigned int (4 bytes)
  ZOLTAN_GNO_TYPE: ssize_t, (8 bytes)
  MPI_Datatype for ZOLTAN_ID_TYPE: MPI_UNSIGNED
  MPI_Datatype for ZOLTAN_GNO_TYPE: MPI_LONG
  Third party library: ParMetis version 4.0.3

ZOLTAN Parameter IMBALANCE_TOL[0] = 1.100000
ZOLTAN Parameter AUTO_MIGRATE = FALSE
ZOLTAN Parameter MIGRATE_ONLY_PROC_CHANGES = 1
ZOLTAN Parameter OBJ_WEIGHT_DIM = 1
ZOLTAN Parameter EDGE_WEIGHT_DIM = 0
ZOLTAN Parameter DEBUG_LEVEL = 1
ZOLTAN Parameter DEBUG_PROCESSOR = 0
ZOLTAN Parameter DETERMINISTIC = TRUE
ZOLTAN Parameter TIMER = 1 (wall)
ZOLTAN Parameter NUM_GID_ENTRIES = 1
ZOLTAN Parameter NUM_LID_ENTRIES = 1
ZOLTAN Parameter RETURN_LISTS = EXPORT
ZOLTAN Parameter NUM_GLOBAL_PARTS = 64
ZOLTAN Parameter NUM_LOCAL_PARTS = 1
ZOLTAN Parameter REMAP = 1
ZOLTAN Parameter SEED = 123456789 (123456789)
ZOLTAN Parameter LB_APPROACH = PARTITION
ZOLTAN Parameter GRAPH_PACKAGE = PARMETIS
ZOLTAN Parameter PARMETIS_METHOD = PARTKWAY
ZOLTAN Parameter PARMETIS_OUTPUT_LEVEL = 1
ZOLTAN Parameter PARMETIS_SEED = 15
ZOLTAN Parameter PARMETIS_ITR = 0.000000
ZOLTAN Parameter PARMETIS_COARSE_ALG = 2
ZOLTAN Parameter PARMETIS_FOLD = 0
Third party library index type is 4-byte integer
Third party library weight type is 4-byte integer
ZOLTAN Parameter CHECK_GRAPH = 0
ZOLTAN Parameter SCATTER_GRAPH = 1
ZOLTAN Parameter FINAL_OUTPUT = 0
ZOLTAN Parameter USE_TIMERS = 0
ZOLTAN Parameter ADD_OBJ_WEIGHT = NONE
ZOLTAN Parameter GRAPH_SYMMETRIZE = NONE
ZOLTAN Parameter GRAPH_SYM_WEIGHT = ADD
ZOLTAN Parameter GRAPH_BIPARTITE_TYPE = OBJ
ZOLTAN Parameter GRAPH_BUILD_TYPE = FAST_NO_DUP
ZOLTAN Parameter GRAPH_FAST_BUILD_BASE = 0
      Setup: Max:   0.017, Sum:   1.073, Balance:   1.004
   Matching: Max:   0.029, Sum:   1.857, Balance:   1.004
Contraction: Max:   0.020, Sum:   1.290, Balance:   1.005
   InitPart: Max:   0.014, Sum:   0.864, Balance:   1.017
    Project: Max:   0.010, Sum:   0.257, Balance:   2.455
 Initialize: Max:   0.032, Sum:   1.782, Balance:   1.140
      K-way: Max:   0.104, Sum:   6.521, Balance:   1.017
      Remap: Max:   0.000, Sum:   0.009, Balance:   1.007
      Total: Max:   0.214, Sum:  13.696, Balance:   1.000
planned Zoltan balance to target imbalance 1.100000 in 0.414434 seconds
Zoltan balanced to 1.100000 in 1.436391 seconds
PARMA_STATUS sideTol 381
PARMA_STATUS avgSides 381.562500
PARMA_STATUS face imbalance 1.322 avg 15523.547
PARMA_STATUS elm imbalance 1.311 avg 7300.922
PARMA_STATUS edge imbalance 1.339 avg 9949.453
PARMA_STATUS imbSlope 1.000000 sidesSlope 1.000000
PARMA_STATUS 6342 elements migrated in 0.018489 seconds
PARMA_STATUS endStep disconnected <max avg> 2 0.109
PARMA_STATUS endStep neighbors <max avg> 15 6.781
PARMA_STATUS endStep smallest side of max neighbor part 1
PARMA_STATUS endStep num parts with max neighbors 1
PARMA_STATUS endStep empty parts 0
PARMA_STATUS endStep small neighbor counts 1:6 2:0 3:6 4:0 5:8 6:4 7:4 8:2 9:4 10:2 
PARMA_STATUS endStep weighted vtx <tot max min avg> 74166.0 1482.0 978.0 1158.844
PARMA_STATUS endStep weighted edge <tot max min avg> 430940.0 7622.0 5699.0 6733.438
PARMA_STATUS endStep weighted face <tot max min avg> 674946.0 11642.0 8956.0 10546.031
PARMA_STATUS endStep weighted rgn <tot max min avg> 318118.0 5520.0 4234.0 4970.594
PARMA_STATUS endStep owned bdry vtx <tot max min avg> 11344 518 0 177.250
PARMA_STATUS endStep shared bdry vtx <tot max min avg> 24043 548 109 375.672
PARMA_STATUS endStep model bdry vtx <tot max min avg> 0 0 0 0.000
PARMA_STATUS endStep sharedSidesToElements <max min avg> 0.234 0.032 0.137
PARMA_STATUS endStep entity imbalance <v e f r>: 1.28 1.13 1.10 1.11
PARMA_STATUS avgSides 375.671875
PARMA_STATUS face imbalance 1.163 avg 15511.219
PARMA_STATUS elm imbalance 1.158 avg 7289.453
PARMA_STATUS edge imbalance 1.171 avg 9951.172
PARMA_STATUS imbSlope 1.000000 sidesSlope 1.000000
PARMA_STATUS 4383 elements migrated in 0.073734 seconds
PARMA_STATUS endStep disconnected <max avg> 1 0.062
PARMA_STATUS endStep neighbors <max avg> 15 6.844
PARMA_STATUS endStep smallest side of max neighbor part 4
PARMA_STATUS endStep num parts with max neighbors 1
PARMA_STATUS endStep empty parts 0
PARMA_STATUS endStep small neighbor counts 1:6 2:2 3:4 4:4 5:6 6:2 7:8 8:2 9:4 10:4 
PARMA_STATUS endStep weighted vtx <tot max min avg> 74210.0 1522.0 970.0 1159.531
PARMA_STATUS endStep weighted edge <tot max min avg> 431068.0 7820.0 5656.0 6735.438
PARMA_STATUS endStep weighted face <tot max min avg> 675029.0 11895.0 8857.0 10547.328
PARMA_STATUS endStep weighted rgn <tot max min avg> 318118.0 5638.0 4170.0 4970.594
PARMA_STATUS endStep owned bdry vtx <tot max min avg> 11378 504 0 177.781
PARMA_STATUS endStep shared bdry vtx <tot max min avg> 24121 523 117 376.891
PARMA_STATUS endStep model bdry vtx <tot max min avg> 0 0 0 0.000
PARMA_STATUS endStep sharedSidesToElements <max min avg> 0.236 0.033 0.138
PARMA_STATUS endStep entity imbalance <v e f r>: 1.31 1.16 1.13 1.13
PARMA_STATUS avgSides 376.890625
PARMA_STATUS face imbalance 1.108 avg 15540.266
PARMA_STATUS elm imbalance 1.110 avg 7301.906
PARMA_STATUS edge imbalance 1.106 avg 9972.562
PARMA_STATUS imbSlope 0.593991 sidesSlope -2.481771
PARMA_STATUS 2848 elements migrated in 0.071740 seconds
PARMA_STATUS endStep disconnected <max avg> 2 0.109
PARMA_STATUS endStep neighbors <max avg> 16 6.906
PARMA_STATUS endStep smallest side of max neighbor part 2
PARMA_STATUS endStep num parts with max neighbors 1
PARMA_STATUS endStep empty parts 0
PARMA_STATUS endStep small neighbor counts 1:2 2:10 3:6 4:2 5:0 6:4 7:6 8:8 9:0 10:2 
PARMA_STATUS endStep weighted vtx <tot max min avg> 74245.0 1569.0 951.0 1160.078
PARMA_STATUS endStep weighted edge <tot max min avg> 431128.0 8051.0 5544.0 6736.375
PARMA_STATUS endStep weighted face <tot max min avg> 675054.0 11950.0 8687.0 10547.719
PARMA_STATUS endStep weighted rgn <tot max min avg> 318118.0 5666.0 4093.0 4970.594
PARMA_STATUS endStep owned bdry vtx <tot max min avg> 11387 488 0 177.922
PARMA_STATUS endStep shared bdry vtx <tot max min avg> 24165 514 117 377.578
PARMA_STATUS endStep model bdry vtx <tot max min avg> 0 0 0 0.000
PARMA_STATUS endStep sharedSidesToElements <max min avg> 0.233 0.033 0.138
PARMA_STATUS endStep entity imbalance <v e f r>: 1.35 1.20 1.13 1.14
PARMA_STATUS avgSides 377.578125
PARMA_STATUS face imbalance 1.082 avg 15572.422
PARMA_STATUS elm imbalance 1.085 avg 7314.625
PARMA_STATUS edge imbalance 1.083 avg 9998.047
PARMA_STATUS imbSlope 0.423814 sidesSlope -1.490234
PARMA_STATUS ghostEdges balanced in 3 steps to 1.100000 in 0.427248 seconds
mesh reordered in 0.033375 seconds
Parma time to read: 1.837238
Parma time to convert shape: 0.195297
Parma time to balance w/ zoltan: 1.437789
Parma time to balance w/ ghosting: 0.432694
Parma time to reorder: 0.033470
Parma time to convert to DM: 0.027272
Read Mesh in: 2.066004991531372 seconds
Mesh peak memory usage (MB) 709.44140625
Time for reading the model: 3.958867788314819

Using curved quadratic tetrahedrons
Setting global vector finite element basis order to p=2
Setting 'Material' PRegion basis order to p=2
Setting 'Material' PRegion basis order to p=2
    Time for making right-orientation and calculating Adjacency: 0.0588841438293457
    Time for partitioning mesh: 0
==========================================================
DOF per 	 Node 	 Edge 	 Triangle 	 Volume 
        	 0 	 2 	 2 	 	 0
Total DOFs per tetrahedron = 20
==========================================================
    Time for replicating remote meshes: 0.04895687103271484

***********************************************************
*	Total Number of Elements read: 	318118
*	Total Number of Elements used: 	318118
*	Total Number of DOFs: 	1928824
***********************************************************

entity_count <vtx edge face region> 54532 617183 985649 468136 
entity_imbalance <vtx edge face region> 1.14311 1.18567 1.11605 1.08468 
Time for setting up finite element framework: 0.334815
/********************************/
/* input parameters, KVC syntax */
/********************************/


        Mesh : { 
            ReplicatedElementDistribution : { 
                min : 563 
                total : 150018 
                stddev : 638.01898187292 
                max : 3486 
                average : 2344.03125 
            }
            File : /global/cscratch1/sd/cwsmith/cws/cav17/cav17f.ncdf 
            MeshCoords : 61467 
            ElementDistribution : { 
                min : 4093 
                total : 318118 
                stddev : 319.4369907688 
                max : 5666 
                average : 4970.59375 
            }
        }
/********************************/





Checking Mesh Quality:

TETRAHEDRAL ELEMENTS:
  number   = 318118

INVERTED SECOND-ORDER ELEMENTS:
  number   = 0 <- GOOD!

ASPECT RATIO:
  min      = 1.02462
  max      = 4.47239 <- GREAT
  average  = 1.59221
  std dev  = 0.2113

SHAPE MEASURE:
  min      = 0.0263681
  max      = 2.03209
  average  = 0.80651
  std dev  = 0.117115

ELEMENT VOLUME:
  min      = 4.09815e-10
  max      = 5.09574e-07
  average  = 1.02876e-07
  std dev  = 7.73143e-08

BOUNDING BOX:
  min      = (-0.140506, -0.140507, -0.3875)
  max      = (0.140506, 0.395, 0.39)

EDGE LENGTH:
  min      = 0.00084247
  max      = 0.0239448
  average  = 0.00945209
  std dev  = 0.0034646

Time for checking the mesh quality: 0.146893
Imbalance Statistics
Local Elements Max 5666 Min 4093 Tot 318118 Avg 4970.000000 Imb 1.140040
Ghost Elements Max 3486 Min 563 Tot 150018 Avg 2344.000000 Imb 1.487201
Total Elements Max 7934 Min 5751 Tot 468136 Avg 7314.000000 Imb 1.084769
Local Vertices Max 1569 Min 951 Tot 74245 Avg 1160.000000 Imb 1.352586
Ghost Vertices Max 1238 Min 247 Tot 56235 Avg 878.000000 Imb 1.410023
Total Vertices Max 2262 Min 1602 Tot 130480 Avg 2038.000000 Imb 1.109912
Time for save/load ComputationalMesh: 0.00360703
Total Volume of the structure is : 0.0327268
Calling real solver
No.      	 Sum 	 Average	 Max 	 Min 	 Std_dev
Diagonal:	75860064	 1.19e+06	 1317336	 975728	 8.27e+04
Offdiagonal:	4285824	 6.70e+04	 98636	 13900	 1.90e+04
Nonlocal v:	491398	 7.68e+03	 11366	 1454	 2.21e+03

Number of Grad DOFs: 345312
<omega3p>.<crab.o3p.in>.EigenSolver[0].Arnoldi[0].LinearSolver[0].ParMetisOrdering 32

**********************************************************
 ARPACK Loop: 
Shift = 6.681093427536301e+01
**********************************************************
factorizing the matrix using MUMPS ...
Using ParMETIS for ordering...
Use 32 processors to do parallel reordering (ParMetis)
Partition of Processors: 0 2 4 6 8 10 12 14 16 18 20 22 24 26 28 30 32 34 36 38 40 42 44 46 48 50 52 54 56 58 60 62 64 
Processor 0: 0, 63064
Processor 1: 63064, 123892
Processor 2: 123892, 180818
Processor 3: 180818, 242616
Processor 4: 242616, 300346
Processor 5: 300346, 360936
Processor 6: 360936, 423414
Processor 7: 423414, 481942
Processor 8: 481942, 541838
Processor 9: 541838, 599134
Processor 10: 599134, 655486
Processor 11: 655486, 713284
Processor 12: 713284, 774672
Processor 13: 774672, 838686
Processor 14: 838686, 899638
Processor 15: 899638, 958474
Processor 16: 958474, 1021748
Processor 17: 1021748, 1078890
Processor 18: 1078890, 1137988
Processor 19: 1137988, 1202258
Processor 20: 1202258, 1262294
Processor 21: 1262294, 1324450
Processor 22: 1324450, 1386524
Processor 23: 1386524, 1445122
Processor 24: 1445122, 1507176
Processor 25: 1507176, 1568260
Processor 26: 1568260, 1626694
Processor 27: 1626694, 1691642
Processor 28: 1691642, 1755184
Processor 29: 1755184, 1816038
Processor 30: 1816038, 1873272
Processor 31: 1873272, 1928824
total: 1928824 32
Generate ordering using parmetis...
Finished generating ordering using parmetis 


Analysis step: 3.98248 seconds

	Maximal per-core estimated memory 	 1088 MB
	Aggregated estimated memory 	 43848 MB
	Maximal per-core estimated memory if OOC 	 648MB
	Aggregated estimated memory if OOC 	 34472MB


Factorization step: 21.2859 seconds

Memory usage:
used mem per MPI process: min: 4.4238e+02 MB, max: 9.4184e+02 MB, avg: 6.0403e+02 MB, stddev: 1.1524e+02 MB, total: 3.8658e+04 MB
used mem per node in GB : min: 1.3203e+01 GB, max: 1.6285e+01 GB, avg: 1.4164e+01 GB, stddev: 1.2508e+00 GB, total: 5.6654e+01 GB
used mem per node in %  : min: 1.0475e+01  %, max: 1.2920e+01  %, avg: 1.1237e+01  %, stddev: 9.9235e-01  %

	 ncv=6	 nev=1
Linear Solver Preparation Time: 3.0886e+01
Solver Time: 4.4078e+00
Number of converged eigenpairs = 1

Eigenvalue: 7.0507730948956237e+01
	Frequency: 4.0064451725274092e+08
	Residual: 8.3206735185743495e-11

**********************************************************
Total number of OP*x operations: 10
Total number of B*x operations if BMAT='G': 27
Total number of steps of re-orthogonalization: 7
**********************************************************
COMMIT MODE: 0 FREQ = 4.0064451725274092e+08	 k= 8.3968881705639173e+00	norm(v[0]) = 1.9178458496601557e+01
Number of TriSolve: 10. Average time for one TriSolv: 0.440205
      Setup: Max:   0.002, Sum:   0.134, Balance:   1.007
   Matching: Max:   0.003, Sum:   0.203, Balance:   1.001
Contraction: Max:   0.002, Sum:   0.111, Balance:   1.003
   InitPart: Max:   0.009, Sum:   0.590, Balance:   1.000
    Project: Max:   0.000, Sum:   0.006, Balance:   1.315
 Initialize: Max:   0.001, Sum:   0.051, Balance:   1.043
      K-way: Max:   0.007, Sum:   0.421, Balance:   1.001
      Remap: Max:   0.000, Sum:   0.004, Balance:   1.025
      Total: Max:   0.024, Sum:   1.532, Balance:   1.000
Omega3p ran in 47.164158 seconds.
Omega3p peak memory usage (MB) 3345.29
omega3p_pumi 128 1
*************************************************************
			 Omega3P

ACE3P git repo hash: 4a2398d81cf2e8b795d3c82f77d84a83ceca4885
ACE3P Codes Source Branch: master
Compile date:Compilation Date:          2016-05-18

*************************************************************

         Copyright 2016, Stanford University 

Authors make no representations or warranties, expressed or 
implied. By way of example, but not limitation, authors make 
no representatinos or warranties of merchantibility or 
fitness for any particular purpose or that the use of the 
software componentns of documentation will not infringe any
patents, copyrights, trademarks or other rights.

The Authors shall not be held liable for any liability 
nor for any direct, indirect or consequential damages with 
respect to any claim by users or any third party on account 
of or arising from the use of this software.

*************************************************************

Advanced Computations Department
SLAC National Accelerator Laboratory
https://slacportal.slac.stanford.edu/sites/ard_public/acd/Pages/Default.aspx
Contact: ace3p@slac.stanford.edu

Thank you for citing ACE3P when publishing related results.

*************************************************************

Starting master process on nid01130
Number of MPI processes: 128
Number of compute nodes: 4
Number of processes per node: 32
Data precision: 64 bits
Compiler: 5.2.0 20150716 (Cray Inc.)
Boundary conditions:
0 = INTERIOR
3 = ELECTRIC
4 = ELECTRIC
6 = EXTERIOR
7 = ELECTRIC
8 = ELECTRIC
9 = ELECTRIC
68 = ELECTRIC

Boundary 6 has surface conductivity of 58000000 S/m
Read Mesh: /global/cscratch1/sd/cwsmith/cws/cav17/cav17f.ncdf
ZOLTAN Load balancing method = 9 (GRAPH)
Build configuration:

  ZOLTAN_ID_TYPE: unsigned int (4 bytes)
  ZOLTAN_GNO_TYPE: ssize_t, (8 bytes)
  MPI_Datatype for ZOLTAN_ID_TYPE: MPI_UNSIGNED
  MPI_Datatype for ZOLTAN_GNO_TYPE: MPI_LONG
  Third party library: ParMetis version 4.0.3

ZOLTAN Parameter IMBALANCE_TOL[0] = 1.100000
ZOLTAN Parameter AUTO_MIGRATE = FALSE
ZOLTAN Parameter MIGRATE_ONLY_PROC_CHANGES = 1
ZOLTAN Parameter OBJ_WEIGHT_DIM = 1
ZOLTAN Parameter EDGE_WEIGHT_DIM = 0
ZOLTAN Parameter DEBUG_LEVEL = 1
ZOLTAN Parameter DEBUG_PROCESSOR = 0
ZOLTAN Parameter DETERMINISTIC = TRUE
ZOLTAN Parameter TIMER = 1 (wall)
ZOLTAN Parameter NUM_GID_ENTRIES = 1
ZOLTAN Parameter NUM_LID_ENTRIES = 1
ZOLTAN Parameter RETURN_LISTS = EXPORT
ZOLTAN Parameter NUM_GLOBAL_PARTS = 128
ZOLTAN Parameter NUM_LOCAL_PARTS = 1
ZOLTAN Parameter REMAP = 1
ZOLTAN Parameter SEED = 123456789 (123456789)
ZOLTAN Parameter LB_APPROACH = PARTITION
ZOLTAN Parameter GRAPH_PACKAGE = PARMETIS
ZOLTAN Parameter PARMETIS_METHOD = PARTKWAY
ZOLTAN Parameter PARMETIS_OUTPUT_LEVEL = 1
ZOLTAN Parameter PARMETIS_SEED = 15
ZOLTAN Parameter PARMETIS_ITR = 0.000000
ZOLTAN Parameter PARMETIS_COARSE_ALG = 2
ZOLTAN Parameter PARMETIS_FOLD = 0
Third party library index type is 4-byte integer
Third party library weight type is 4-byte integer
ZOLTAN Parameter CHECK_GRAPH = 0
ZOLTAN Parameter SCATTER_GRAPH = 1
ZOLTAN Parameter FINAL_OUTPUT = 0
ZOLTAN Parameter USE_TIMERS = 0
ZOLTAN Parameter ADD_OBJ_WEIGHT = NONE
ZOLTAN Parameter GRAPH_SYMMETRIZE = NONE
ZOLTAN Parameter GRAPH_SYM_WEIGHT = ADD
ZOLTAN Parameter GRAPH_BIPARTITE_TYPE = OBJ
ZOLTAN Parameter GRAPH_BUILD_TYPE = FAST_NO_DUP
ZOLTAN Parameter GRAPH_FAST_BUILD_BASE = 0
      Setup: Max:   0.012, Sum:   1.540, Balance:   1.010
   Matching: Max:   0.046, Sum:   5.830, Balance:   1.001
Contraction: Max:   0.011, Sum:   1.351, Balance:   1.006
   InitPart: Max:   0.018, Sum:   2.330, Balance:   1.000
    Project: Max:   0.002, Sum:   0.248, Balance:   1.154
 Initialize: Max:   0.004, Sum:   0.497, Balance:   1.091
      K-way: Max:   0.065, Sum:   8.371, Balance:   1.001
      Remap: Max:   0.000, Sum:   0.042, Balance:   1.003
      Total: Max:   0.159, Sum:  20.336, Balance:   1.000
planned Zoltan balance to target imbalance 1.100000 in 0.208671 seconds
Zoltan balanced to 1.100000 in 0.710698 seconds
PARMA_STATUS sideTol 273
PARMA_STATUS avgSides 273.335938
PARMA_STATUS face imbalance 1.275 avg 9134.945
PARMA_STATUS elm imbalance 1.263 avg 4228.195
PARMA_STATUS edge imbalance 1.294 avg 5997.938
PARMA_STATUS imbSlope 1.000000 sidesSlope 1.000000
PARMA_STATUS 8569 elements migrated in 0.051523 seconds
PARMA_STATUS endStep disconnected <max avg> 2 0.188
PARMA_STATUS endStep neighbors <max avg> 18 8.219
PARMA_STATUS endStep smallest side of max neighbor part 3
PARMA_STATUS endStep num parts with max neighbors 1
PARMA_STATUS endStep empty parts 0
PARMA_STATUS endStep small neighbor counts 1:34 2:24 3:6 4:10 5:10 6:4 7:12 8:8 9:10 10:12 
PARMA_STATUS endStep weighted vtx <tot max min avg> 80321.0 865.0 527.0 627.508
PARMA_STATUS endStep weighted edge <tot max min avg> 446590.0 4280.0 2959.0 3488.984
PARMA_STATUS endStep weighted face <tot max min avg> 684503.0 6134.0 4507.0 5347.680
PARMA_STATUS endStep weighted rgn <tot max min avg> 318118.0 2792.0 2086.0 2485.297
PARMA_STATUS endStep owned bdry vtx <tot max min avg> 15910 342 0 124.297
PARMA_STATUS endStep shared bdry vtx <tot max min avg> 34764 352 111 271.594
PARMA_STATUS endStep model bdry vtx <tot max min avg> 0 0 0 0.000
PARMA_STATUS endStep sharedSidesToElements <max min avg> 0.299 0.066 0.197
PARMA_STATUS endStep entity imbalance <v e f r>: 1.38 1.23 1.15 1.12
PARMA_STATUS avgSides 271.593750
PARMA_STATUS face imbalance 1.164 avg 9156.383
PARMA_STATUS elm imbalance 1.154 avg 4232.141
PARMA_STATUS edge imbalance 1.178 avg 6022.836
PARMA_STATUS imbSlope 1.000000 sidesSlope 1.000000
PARMA_STATUS 5102 elements migrated in 0.011734 seconds
PARMA_STATUS endStep disconnected <max avg> 1 0.086
PARMA_STATUS endStep neighbors <max avg> 18 8.266
PARMA_STATUS endStep smallest side of max neighbor part 1
PARMA_STATUS endStep num parts with max neighbors 1
PARMA_STATUS endStep empty parts 0
PARMA_STATUS endStep small neighbor counts 1:28 2:22 3:14 4:8 5:14 6:12 7:10 8:10 9:16 10:8 
PARMA_STATUS endStep weighted vtx <tot max min avg> 80183.0 899.0 518.0 626.430
PARMA_STATUS endStep weighted edge <tot max min avg> 446245.0 4442.0 2891.0 3486.289
PARMA_STATUS endStep weighted face <tot max min avg> 684300.0 6357.0 4437.0 5346.094
PARMA_STATUS endStep weighted rgn <tot max min avg> 318118.0 2956.0 2054.0 2485.297
PARMA_STATUS endStep owned bdry vtx <tot max min avg> 15840 329 0 123.750
PARMA_STATUS endStep shared bdry vtx <tot max min avg> 34556 335 115 269.969
PARMA_STATUS endStep model bdry vtx <tot max min avg> 0 0 0 0.000
PARMA_STATUS endStep sharedSidesToElements <max min avg> 0.306 0.066 0.197
PARMA_STATUS endStep entity imbalance <v e f r>: 1.44 1.27 1.19 1.19
PARMA_STATUS avgSides 269.968750
PARMA_STATUS face imbalance 1.113 avg 9140.352
PARMA_STATUS elm imbalance 1.108 avg 4226.102
PARMA_STATUS edge imbalance 1.127 avg 6010.016
PARMA_STATUS imbSlope 0.617130 sidesSlope 0.066406
PARMA_STATUS 3737 elements migrated in 0.007899 seconds
PARMA_STATUS endStep disconnected <max avg> 1 0.055
PARMA_STATUS endStep neighbors <max avg> 17 8.234
PARMA_STATUS endStep smallest side of max neighbor part 2
PARMA_STATUS endStep num parts with max neighbors 1
PARMA_STATUS endStep empty parts 0
PARMA_STATUS endStep small neighbor counts 1:26 2:8 3:8 4:22 5:14 6:4 7:12 8:10 9:18 10:10 
PARMA_STATUS endStep weighted vtx <tot max min avg> 80158.0 928.0 509.0 626.234
PARMA_STATUS endStep weighted edge <tot max min avg> 446196.0 4571.0 2828.0 3485.906
PARMA_STATUS endStep weighted face <tot max min avg> 684273.0 6530.0 4314.0 5345.883
PARMA_STATUS endStep weighted rgn <tot max min avg> 318118.0 3030.0 1997.0 2485.297
PARMA_STATUS endStep owned bdry vtx <tot max min avg> 15828 315 0 123.656
PARMA_STATUS endStep shared bdry vtx <tot max min avg> 34519 325 123 269.680
PARMA_STATUS endStep model bdry vtx <tot max min avg> 0 0 0 0.000
PARMA_STATUS endStep sharedSidesToElements <max min avg> 0.303 0.067 0.197
PARMA_STATUS endStep entity imbalance <v e f r>: 1.48 1.31 1.22 1.22
PARMA_STATUS avgSides 269.679688
PARMA_STATUS face imbalance 1.085 avg 9140.891
PARMA_STATUS elm imbalance 1.088 avg 4226.258
PARMA_STATUS edge imbalance 1.099 avg 6010.453
PARMA_STATUS imbSlope 0.447411 sidesSlope -0.523438
PARMA_STATUS ghostEdges balanced in 3 steps to 1.100000 in 0.251540 seconds
mesh reordered in 0.018210 seconds
Parma time to read: 2.139934
Parma time to convert shape: 0.201696
Parma time to balance w/ zoltan: 0.711566
Parma time to balance w/ ghosting: 0.254350
Parma time to reorder: 0.018255
Parma time to convert to DM: 0.020150
Read Mesh in: 2.359884977340698 seconds
Mesh peak memory usage (MB) 811.1640625
Time for reading the model: 3.341715097427368

Using curved quadratic tetrahedrons
Setting global vector finite element basis order to p=2
Setting 'Material' PRegion basis order to p=2
Setting 'Material' PRegion basis order to p=2
    Time for making right-orientation and calculating Adjacency: 0.01367998123168945
    Time for partitioning mesh: 0
==========================================================
DOF per 	 Node 	 Edge 	 Triangle 	 Volume 
        	 0 	 2 	 2 	 	 0
Total DOFs per tetrahedron = 20
==========================================================
    Time for replicating remote meshes: 0.0632779598236084

***********************************************************
*	Total Number of Elements read: 	318118
*	Total Number of Elements used: 	318118
*	Total Number of DOFs: 	1928824
***********************************************************

entity_count <vtx edge face region> 59232 747971 1162467 540961 
entity_imbalance <vtx edge face region> 1.13668 1.17498 1.10551 1.08843 
Time for setting up finite element framework: 0.403628
/********************************/
/* input parameters, KVC syntax */
/********************************/


        Mesh : { 
            ReplicatedElementDistribution : { 
                min : 623 
                total : 222843 
                stddev : 376.22600433266 
                max : 2351 
                average : 1740.9609375 
            }
            File : /global/cscratch1/sd/cwsmith/cws/cav17/cav17f.ncdf 
            MeshCoords : 61467 
            ElementDistribution : { 
                min : 1997 
                total : 318118 
                stddev : 197.09434007042 
                max : 3030 
                average : 2485.296875 
            }
        }
/********************************/





Checking Mesh Quality:

TETRAHEDRAL ELEMENTS:
  number   = 318118

INVERTED SECOND-ORDER ELEMENTS:
  number   = 0 <- GOOD!

ASPECT RATIO:
  min      = 1.02462
  max      = 4.47239 <- GREAT
  average  = 1.59221
  std dev  = 0.2113

SHAPE MEASURE:
  min      = 0.0263681
  max      = 2.03209
  average  = 0.80651
  std dev  = 0.117115

ELEMENT VOLUME:
  min      = 4.09815e-10
  max      = 5.09574e-07
  average  = 1.02876e-07
  std dev  = 7.73143e-08

BOUNDING BOX:
  min      = (-0.140506, -0.140507, -0.3875)
  max      = (0.140506, 0.395, 0.39)

EDGE LENGTH:
  min      = 0.00084247
  max      = 0.0239448
  average  = 0.00945209
  std dev  = 0.0034646

Time for checking the mesh quality: 0.093466
Imbalance Statistics
Local Elements Max 3030 Min 1997 Tot 318118 Avg 2485.000000 Imb 1.219316
Ghost Elements Max 2351 Min 623 Tot 222843 Avg 1740.000000 Imb 1.351149
Total Elements Max 4600 Min 3400 Tot 540961 Avg 4226.000000 Imb 1.088500
Local Vertices Max 928 Min 509 Tot 80158 Avg 626.000000 Imb 1.482428
Ghost Vertices Max 834 Min 276 Tot 83775 Avg 654.000000 Imb 1.275229
Total Vertices Max 1439 Min 978 Tot 163933 Avg 1280.000000 Imb 1.124219
Time for save/load ComputationalMesh: 0.04198
Total Volume of the structure is : 0.0327268
Calling real solver
No.      	 Sum 	 Average	 Max 	 Min 	 Std_dev
Diagonal:	73978856	 5.78e+05	 720964	 440876	 5.03e+04
Offdiagonal:	6167032	 4.82e+04	 65216	 15976	 1.10e+04
Nonlocal v:	736560	 5.75e+03	 8148	 1580	 1.36e+03

Number of Grad DOFs: 345312
<omega3p>.<crab.o3p.in>.EigenSolver[0].Arnoldi[0].LinearSolver[0].ParMetisOrdering 32

**********************************************************
 ARPACK Loop: 
Shift = 6.681093427536301e+01
**********************************************************
factorizing the matrix using MUMPS ...
Using ParMETIS for ordering...
Use 32 processors to do parallel reordering (ParMetis)
Partition of Processors: 0 4 8 12 16 20 24 28 32 36 40 44 48 52 56 60 64 68 72 76 80 84 88 92 96 100 104 108 112 116 120 124 128 
Processor 0: 0, 61218
Processor 1: 61218, 122476
Processor 2: 122476, 184012
Processor 3: 184012, 243928
Processor 4: 243928, 300810
Processor 5: 300810, 359824
Processor 6: 359824, 425806
Processor 7: 425806, 487096
Processor 8: 487096, 552110
Processor 9: 552110, 611944
Processor 10: 611944, 674882
Processor 11: 674882, 731716
Processor 12: 731716, 789308
Processor 13: 789308, 848444
Processor 14: 848444, 910136
Processor 15: 910136, 965466
Processor 16: 965466, 1022620
Processor 17: 1022620, 1086572
Processor 18: 1086572, 1149430
Processor 19: 1149430, 1206846
Processor 20: 1206846, 1267918
Processor 21: 1267918, 1330182
Processor 22: 1330182, 1387350
Processor 23: 1387350, 1449644
Processor 24: 1449644, 1510414
Processor 25: 1510414, 1569180
Processor 26: 1569180, 1627234
Processor 27: 1627234, 1685342
Processor 28: 1685342, 1748928
Processor 29: 1748928, 1810878
Processor 30: 1810878, 1871106
Processor 31: 1871106, 1928824
total: 1928824 32
Generate ordering using parmetis...
Finished generating ordering using parmetis 


Analysis step: 3.86583 seconds

	Maximal per-core estimated memory 	 910 MB
	Aggregated estimated memory 	 61513 MB
	Maximal per-core estimated memory if OOC 	 582MB
	Aggregated estimated memory if OOC 	 55435MB


Factorization step: 21.921 seconds

Memory usage:
used mem per MPI process: min: 2.3982e+02 MB, max: 6.5795e+02 MB, avg: 3.7902e+02 MB, stddev: 6.8609e+01 MB, total: 4.8514e+04 MB
used mem per node in GB : min: 1.6811e+01 GB, max: 1.9280e+01 GB, avg: 1.7730e+01 GB, stddev: 9.3184e-01 GB, total: 7.0921e+01 GB
used mem per node in %  : min: 1.3337e+01  %, max: 1.5296e+01  %, avg: 1.4067e+01  %, stddev: 7.3931e-01  %

	 ncv=6	 nev=1
Linear Solver Preparation Time: 3.1493e+01
Solver Time: 4.1717e+00
Number of converged eigenpairs = 1

Eigenvalue: 7.0507730948951888e+01
	Frequency: 4.0064451725272858e+08
	Residual: 5.3328953064196455e-11

**********************************************************
Total number of OP*x operations: 10
Total number of B*x operations if BMAT='G': 24
Total number of steps of re-orthogonalization: 4
**********************************************************
COMMIT MODE: 0 FREQ = 4.0064451725272858e+08	 k= 8.3968881705636580e+00	norm(v[0]) = 1.9178457536234028e+01
Number of TriSolve: 10. Average time for one TriSolv: 0.416984
      Setup: Max:   0.006, Sum:   0.690, Balance:   1.024
   Matching: Max:   0.035, Sum:   4.091, Balance:   1.092
Contraction: Max:   0.044, Sum:   5.205, Balance:   1.073
   InitPart: Max:   0.013, Sum:   1.657, Balance:   1.000
    Project: Max:   0.000, Sum:   0.016, Balance:   1.364
 Initialize: Max:   0.001, Sum:   0.099, Balance:   1.073
      K-way: Max:   0.007, Sum:   0.925, Balance:   1.001
      Remap: Max:   0.000, Sum:   0.012, Balance:   1.007
      Total: Max:   0.100, Sum:  12.750, Balance:   1.000
Omega3p ran in 44.847658 seconds.
Omega3p peak memory usage (MB) 3219.28
