32 1
*************************************************************
			 Omega3P

ACE3P git repo hash: d7798978f280eb606b875ff68830d1efa3f14f3d
ACE3P Codes Source Branch: master
Compile date:Compilation Date:          2016-03-24

*************************************************************

         Copyright 2016, Stanford University 

Authors make no representations or warranties, expressed or 
implied. By way of example, but not limitation, authors make 
no representatinos or warranties of merchantibility or 
fitness for any particular purpose or that the use of the 
software componentns of documentation will not infringe any
patents, copyrights, trademarks or other rights.

The Authors shall not be held liable for any liability 
nor for any direct, indirect or consequential damages with 
respect to any claim by users or any third party on account 
of or arising from the use of this software.

*************************************************************

Advanced Computations Department
SLAC National Accelerator Laboratory
https://slacportal.slac.stanford.edu/sites/ard_public/acd/Pages/Default.aspx
Contact: ace3p@slac.stanford.edu

Thank you for citing ACE3P when publishing related results.

*************************************************************

Starting master process on nid00024
Number of MPI processes: 32
Number of compute nodes: 4
Number of processes per node: 8
Data precision: 64 bits
Compiler: 5.2.0 20150716 (Cray Inc.)
Boundary conditions:
0 = INTERIOR
3 = ELECTRIC
4 = ELECTRIC
6 = EXTERIOR
7 = ELECTRIC
8 = ELECTRIC
9 = ELECTRIC
68 = ELECTRIC

Boundary 6 has surface conductivity of 58000000 S/m
Read Mesh: /global/cscratch1/sd/cwsmith/cws/cav17/cav17f.ncdf
ZOLTAN Load balancing method = 9 (GRAPH)
Build configuration:

  ZOLTAN_ID_TYPE: unsigned int (4 bytes)
  ZOLTAN_GNO_TYPE: ssize_t, (8 bytes)
  MPI_Datatype for ZOLTAN_ID_TYPE: MPI_UNSIGNED
  MPI_Datatype for ZOLTAN_GNO_TYPE: MPI_LONG
  Third party library: ParMetis version 4.0.3

ZOLTAN Parameter IMBALANCE_TOL[0] = 1.100000
ZOLTAN Parameter AUTO_MIGRATE = FALSE
ZOLTAN Parameter MIGRATE_ONLY_PROC_CHANGES = 1
ZOLTAN Parameter OBJ_WEIGHT_DIM = 1
ZOLTAN Parameter EDGE_WEIGHT_DIM = 0
ZOLTAN Parameter DEBUG_LEVEL = 1
ZOLTAN Parameter DEBUG_PROCESSOR = 0
ZOLTAN Parameter DETERMINISTIC = TRUE
ZOLTAN Parameter TIMER = 1 (wall)
ZOLTAN Parameter NUM_GID_ENTRIES = 1
ZOLTAN Parameter NUM_LID_ENTRIES = 1
ZOLTAN Parameter RETURN_LISTS = EXPORT
ZOLTAN Parameter NUM_GLOBAL_PARTS = 32
ZOLTAN Parameter NUM_LOCAL_PARTS = 1
ZOLTAN Parameter REMAP = 1
ZOLTAN Parameter SEED = 123456789 (123456789)
ZOLTAN Parameter LB_APPROACH = PARTITION
ZOLTAN Parameter GRAPH_PACKAGE = PARMETIS
ZOLTAN Parameter PARMETIS_METHOD = PARTKWAY
ZOLTAN Parameter PARMETIS_OUTPUT_LEVEL = 1
ZOLTAN Parameter PARMETIS_SEED = 15
ZOLTAN Parameter PARMETIS_ITR = 0.000000
ZOLTAN Parameter PARMETIS_COARSE_ALG = 2
ZOLTAN Parameter PARMETIS_FOLD = 0
Third party library index type is 4-byte integer
Third party library weight type is 4-byte integer
ZOLTAN Parameter CHECK_GRAPH = 0
ZOLTAN Parameter SCATTER_GRAPH = 1
ZOLTAN Parameter FINAL_OUTPUT = 0
ZOLTAN Parameter USE_TIMERS = 0
ZOLTAN Parameter ADD_OBJ_WEIGHT = NONE
ZOLTAN Parameter GRAPH_SYMMETRIZE = NONE
ZOLTAN Parameter GRAPH_SYM_WEIGHT = ADD
ZOLTAN Parameter GRAPH_BIPARTITE_TYPE = OBJ
ZOLTAN Parameter GRAPH_BUILD_TYPE = FAST_NO_DUP
ZOLTAN Parameter GRAPH_FAST_BUILD_BASE = 0
      Setup: Max:   0.013, Sum:   0.423, Balance:   1.002
   Matching: Max:   0.014, Sum:   0.457, Balance:   1.002
Contraction: Max:   0.010, Sum:   0.329, Balance:   1.001
   InitPart: Max:   0.005, Sum:   0.170, Balance:   1.000
    Project: Max:   0.001, Sum:   0.017, Balance:   1.206
 Initialize: Max:   0.002, Sum:   0.064, Balance:   1.034
      K-way: Max:   0.015, Sum:   0.465, Balance:   1.001
      Remap: Max:   0.000, Sum:   0.003, Balance:   1.012
      Total: Max:   0.061, Sum:   1.946, Balance:   1.000
planned Zoltan balance to target imbalance 1.100000 in 0.108323 seconds
Zoltan balanced to 1.100000 in 0.976212 seconds
PARMA_STATUS ghosts balanced in 122 steps to 1.010000 in 4.687810 seconds
Parma time to read: 2.010439
Parma time to convert shape: 0.070185
Parma time to balance w/ zoltan: 0.978353
Parma time to balance w/ ghosting: 4.689699
Parma time to convert to DM: 0.036806
Time for reading the model: 7.800202131271362

Using curved quadratic tetrahedrons
Setting global vector finite element basis order to p=2
Setting 'Material' PRegion basis order to p=2
Setting 'Material' PRegion basis order to p=2

***********************************************************
*	Total Number of Elements read: 	318118
*	Total Number of Elements used: 	318118
*	Total Number of DOFs: 	1928824
***********************************************************

Time for setting up finite element framework: 0.3664898872375488
/********************************/
/* input parameters, KVC syntax */
/********************************/


        Mesh : { 
            ReplicatedElementDistribution : { 
                min : 2097 
                total : 106899 
                stddev : 515.89257817664 
                max : 4301 
                average : 3340.59375 
            }
            File : /global/cscratch1/sd/cwsmith/cws/cav17/cav17f.ncdf 
            MeshCoords : 61467 
            ElementDistribution : { 
                min : 6430 
                total : 318118 
                stddev : 1467.5653623406 
                max : 14142 
                average : 9941.1875 
            }
        }
/********************************/





Checking Mesh Quality:

TETRAHEDRAL ELEMENTS:
  number   = 318118

INVERTED SECOND-ORDER ELEMENTS:
  number   = 0 <- GOOD!

ASPECT RATIO:
  min      = 1.024623027831843
  max      = 4.472390133933878 <- GREAT
  average  = 1.592208457637728
  std dev  = 0.2113001289824953

SHAPE MEASURE:
  min      = 0.02636811207617439
  max      = 2.032085651041011
  average  = 0.8065095520818661
  std dev  = 0.1171146939121726

ELEMENT VOLUME:
  min      = 4.098152253574042e-10
  max      = 5.095737283740086e-07
  average  = 1.028761733653779e-07
  std dev  = 7.731434302547829e-08

BOUNDING BOX:
  min      = (-0.1405064217552899, -0.1405071695106699, -0.3875000000000001)
  max      = (0.1405064684945338, 0.395, 0.39)

EDGE LENGTH:
  min      = 0.000842470129368026
  max      = 0.02394476734490312
  average  = 0.009452087621816759
  std dev  = 0.003464598912577529

Time for checking the mesh quality: 0.2932779788970947
Time for save/load ComputationalMesh: 0.001462936401367188
Total Volume of the structure is : 0.03272676251864728
Calling real solver
No.      	 Sum 	 Average	 Max 	 Min 	 Std_dev
Diagonal:	76944832	 2.40e+06	 3314804	 1593952	 3.35e+05
Offdiagonal:	3201056	 1.00e+05	 134140	 56676	 1.77e+04
Nonlocal v:	380650	 1.19e+04	 16052	 6776	 2.08e+03

Warning: Key '<omega3p>.<crab.o3p.in>.EigenSolver[0].SolverMode' undefined, using default value automatic
Number of Grad DOFs: 345312
Warning: Key '<omega3p>.<crab.o3p.in>.EigenSolver[0].Tolerance' undefined, using default value 1e-12
Warning: Key '<omega3p>.<crab.o3p.in>.EigenSolver[0].MaxIterations' undefined, using default value 500

**********************************************************
 ARPACK Loop: 
Shift = 6.681093427536301e+01
**********************************************************
factorizing the matrix using MUMPS ...
Using ParMETIS for ordering...
Use 32 processors to do parallel reordering (ParMetis)
Partition of Processors: 0 1 2 3 4 5 6 7 8 9 10 11 12 13 14 15 16 17 18 19 20 21 22 23 24 25 26 27 28 29 30 31 32 
Processor 0: 0, 71274
Processor 1: 71274, 125152
Processor 2: 125152, 183522
Processor 3: 183522, 231002
Processor 4: 231002, 270814
Processor 5: 270814, 331956
Processor 6: 331956, 402668
Processor 7: 402668, 458672
Processor 8: 458672, 512352
Processor 9: 512352, 575430
Processor 10: 575430, 629438
Processor 11: 629438, 681088
Processor 12: 681088, 751526
Processor 13: 751526, 809626
Processor 14: 809626, 861100
Processor 15: 861100, 922862
Processor 16: 922862, 985782
Processor 17: 985782, 1043086
Processor 18: 1043086, 1104038
Processor 19: 1104038, 1163656
Processor 20: 1163656, 1212558
Processor 21: 1212558, 1296300
Processor 22: 1296300, 1359778
Processor 23: 1359778, 1428770
Processor 24: 1428770, 1490256
Processor 25: 1490256, 1546636
Processor 26: 1546636, 1608958
Processor 27: 1608958, 1677644
Processor 28: 1677644, 1737002
Processor 29: 1737002, 1804376
Processor 30: 1804376, 1866206
Processor 31: 1866206, 1928824
total: 1928824 32
Generate ordering using parmetis...
Finished generating ordering using parmetis 


Analysis step: 3.20665 seconds

	Maximal per-core estimated memory 	 1757 MB
	Aggregated estimated memory 	 34977 MB
	Maximal per-core estimated memory if OOC 	 930MB
	Aggregated estimated memory if OOC 	 23802MB


Factorization step: 21.8882 seconds

Memory usage:
used mem per MPI process: min: 7.9157e+02 MB, max: 1.5318e+03 MB, avg: 1.1141e+03 MB, stddev: 1.6648e+02 MB, total: 3.5652e+04 MB
used mem per node in GB : min: 1.2478e+01 GB, max: 1.3652e+01 GB, avg: 1.3003e+01 GB, stddev: 4.3354e-01 GB, total: 5.2012e+01 GB
used mem per node in %  : min: 9.8998e+00  %, max: 1.0831e+01  %, avg: 1.0316e+01  %, stddev: 3.4396e-01  %

	 ncv=6	 nev=1
Linear Solver Preparation Time: 2.8557e+01
Solver Time: 3.7177e+00
Number of converged eigenpairs = 1

Eigenvalue: 7.0507730948951789e+01
	Frequency: 4.0064451725272822e+08
	Residual: 2.1032682413178739e-10

**********************************************************
Total number of OP*x operations: 10
Total number of B*x operations if BMAT='G': 26
Total number of steps of re-orthogonalization: 6
**********************************************************
COMMIT MODE: 0 FREQ = 4.0064451725272822e+08	 k= 8.3968881705636509e+00	norm(v[0]) = 1.9178457522652707e+01
Number of TriSolve: 10. Average time for one TriSolv: 0.37193
      Setup: Max:   0.003, Sum:   0.083, Balance:   1.003
   Matching: Max:   0.004, Sum:   0.120, Balance:   1.004
Contraction: Max:   0.003, Sum:   0.080, Balance:   1.006
   InitPart: Max:   0.007, Sum:   0.221, Balance:   1.000
    Project: Max:   0.000, Sum:   0.004, Balance:   1.360
 Initialize: Max:   0.001, Sum:   0.032, Balance:   1.060
      K-way: Max:   0.008, Sum:   0.242, Balance:   1.001
      Remap: Max:   0.000, Sum:   0.002, Balance:   1.013
      Total: Max:   0.025, Sum:   0.789, Balance:   1.000
Omega3p ran in 49.079441 seconds.
32 2
*************************************************************
			 Omega3P

ACE3P git repo hash: d7798978f280eb606b875ff68830d1efa3f14f3d
ACE3P Codes Source Branch: master
Compile date:Compilation Date:          2016-03-24

*************************************************************

         Copyright 2016, Stanford University 

Authors make no representations or warranties, expressed or 
implied. By way of example, but not limitation, authors make 
no representatinos or warranties of merchantibility or 
fitness for any particular purpose or that the use of the 
software componentns of documentation will not infringe any
patents, copyrights, trademarks or other rights.

The Authors shall not be held liable for any liability 
nor for any direct, indirect or consequential damages with 
respect to any claim by users or any third party on account 
of or arising from the use of this software.

*************************************************************

Advanced Computations Department
SLAC National Accelerator Laboratory
https://slacportal.slac.stanford.edu/sites/ard_public/acd/Pages/Default.aspx
Contact: ace3p@slac.stanford.edu

Thank you for citing ACE3P when publishing related results.

*************************************************************

Starting master process on nid00024
Number of MPI processes: 32
Number of compute nodes: 4
Number of processes per node: 8
Data precision: 64 bits
Compiler: 5.2.0 20150716 (Cray Inc.)
Boundary conditions:
0 = INTERIOR
3 = ELECTRIC
4 = ELECTRIC
6 = EXTERIOR
7 = ELECTRIC
8 = ELECTRIC
9 = ELECTRIC
68 = ELECTRIC

Boundary 6 has surface conductivity of 58000000 S/m
Read Mesh: /global/cscratch1/sd/cwsmith/cws/cav17/cav17f.ncdf
ZOLTAN Load balancing method = 9 (GRAPH)
Build configuration:

  ZOLTAN_ID_TYPE: unsigned int (4 bytes)
  ZOLTAN_GNO_TYPE: ssize_t, (8 bytes)
  MPI_Datatype for ZOLTAN_ID_TYPE: MPI_UNSIGNED
  MPI_Datatype for ZOLTAN_GNO_TYPE: MPI_LONG
  Third party library: ParMetis version 4.0.3

ZOLTAN Parameter IMBALANCE_TOL[0] = 1.100000
ZOLTAN Parameter AUTO_MIGRATE = FALSE
ZOLTAN Parameter MIGRATE_ONLY_PROC_CHANGES = 1
ZOLTAN Parameter OBJ_WEIGHT_DIM = 1
ZOLTAN Parameter EDGE_WEIGHT_DIM = 0
ZOLTAN Parameter DEBUG_LEVEL = 1
ZOLTAN Parameter DEBUG_PROCESSOR = 0
ZOLTAN Parameter DETERMINISTIC = TRUE
ZOLTAN Parameter TIMER = 1 (wall)
ZOLTAN Parameter NUM_GID_ENTRIES = 1
ZOLTAN Parameter NUM_LID_ENTRIES = 1
ZOLTAN Parameter RETURN_LISTS = EXPORT
ZOLTAN Parameter NUM_GLOBAL_PARTS = 32
ZOLTAN Parameter NUM_LOCAL_PARTS = 1
ZOLTAN Parameter REMAP = 1
ZOLTAN Parameter SEED = 123456789 (123456789)
ZOLTAN Parameter LB_APPROACH = PARTITION
ZOLTAN Parameter GRAPH_PACKAGE = PARMETIS
ZOLTAN Parameter PARMETIS_METHOD = PARTKWAY
ZOLTAN Parameter PARMETIS_OUTPUT_LEVEL = 1
ZOLTAN Parameter PARMETIS_SEED = 15
ZOLTAN Parameter PARMETIS_ITR = 0.000000
ZOLTAN Parameter PARMETIS_COARSE_ALG = 2
ZOLTAN Parameter PARMETIS_FOLD = 0
Third party library index type is 4-byte integer
Third party library weight type is 4-byte integer
ZOLTAN Parameter CHECK_GRAPH = 0
ZOLTAN Parameter SCATTER_GRAPH = 1
ZOLTAN Parameter FINAL_OUTPUT = 0
ZOLTAN Parameter USE_TIMERS = 0
ZOLTAN Parameter ADD_OBJ_WEIGHT = NONE
ZOLTAN Parameter GRAPH_SYMMETRIZE = NONE
ZOLTAN Parameter GRAPH_SYM_WEIGHT = ADD
ZOLTAN Parameter GRAPH_BIPARTITE_TYPE = OBJ
ZOLTAN Parameter GRAPH_BUILD_TYPE = FAST_NO_DUP
ZOLTAN Parameter GRAPH_FAST_BUILD_BASE = 0
      Setup: Max:   0.013, Sum:   0.402, Balance:   1.000
   Matching: Max:   0.012, Sum:   0.394, Balance:   1.001
Contraction: Max:   0.010, Sum:   0.310, Balance:   1.006
   InitPart: Max:   0.006, Sum:   0.191, Balance:   1.000
    Project: Max:   0.001, Sum:   0.016, Balance:   1.164
 Initialize: Max:   0.002, Sum:   0.060, Balance:   1.049
      K-way: Max:   0.014, Sum:   0.445, Balance:   1.001
      Remap: Max:   0.000, Sum:   0.004, Balance:   1.032
      Total: Max:   0.057, Sum:   1.833, Balance:   1.000
planned Zoltan balance to target imbalance 1.100000 in 0.103097 seconds
Zoltan balanced to 1.100000 in 0.977679 seconds
PARMA_STATUS ghosts balanced in 122 steps to 1.010000 in 4.675914 seconds
Parma time to read: 1.524994
Parma time to convert shape: 0.071709
Parma time to balance w/ zoltan: 0.979828
Parma time to balance w/ ghosting: 4.677814
Parma time to convert to DM: 0.036910
Time for reading the model: 7.305855989456177

Using curved quadratic tetrahedrons
Setting global vector finite element basis order to p=2
Setting 'Material' PRegion basis order to p=2
Setting 'Material' PRegion basis order to p=2

***********************************************************
*	Total Number of Elements read: 	318118
*	Total Number of Elements used: 	318118
*	Total Number of DOFs: 	1928824
***********************************************************

Time for setting up finite element framework: 0.3688299655914307
/********************************/
/* input parameters, KVC syntax */
/********************************/


        Mesh : { 
            ReplicatedElementDistribution : { 
                min : 2097 
                total : 106899 
                stddev : 515.89257817664 
                max : 4301 
                average : 3340.59375 
            }
            File : /global/cscratch1/sd/cwsmith/cws/cav17/cav17f.ncdf 
            MeshCoords : 61467 
            ElementDistribution : { 
                min : 6430 
                total : 318118 
                stddev : 1467.5653623406 
                max : 14142 
                average : 9941.1875 
            }
        }
/********************************/





Checking Mesh Quality:

TETRAHEDRAL ELEMENTS:
  number   = 318118

INVERTED SECOND-ORDER ELEMENTS:
  number   = 0 <- GOOD!

ASPECT RATIO:
  min      = 1.024623027831843
  max      = 4.472390133933878 <- GREAT
  average  = 1.592208457637728
  std dev  = 0.2113001289824953

SHAPE MEASURE:
  min      = 0.02636811207617439
  max      = 2.032085651041011
  average  = 0.8065095520818661
  std dev  = 0.1171146939121726

ELEMENT VOLUME:
  min      = 4.098152253574042e-10
  max      = 5.095737283740086e-07
  average  = 1.028761733653779e-07
  std dev  = 7.731434302547829e-08

BOUNDING BOX:
  min      = (-0.1405064217552899, -0.1405071695106699, -0.3875000000000001)
  max      = (0.1405064684945338, 0.395, 0.39)

EDGE LENGTH:
  min      = 0.000842470129368026
  max      = 0.02394476734490312
  average  = 0.009452087621816759
  std dev  = 0.003464598912577529

Time for checking the mesh quality: 0.2887442111968994
Time for save/load ComputationalMesh: 1.652711868286133
Total Volume of the structure is : 0.03272676251864728
Calling real solver
No.      	 Sum 	 Average	 Max 	 Min 	 Std_dev
Diagonal:	76944832	 2.40e+06	 3314804	 1593952	 3.35e+05
Offdiagonal:	3201056	 1.00e+05	 134140	 56676	 1.77e+04
Nonlocal v:	380650	 1.19e+04	 16052	 6776	 2.08e+03

Warning: Key '<omega3p>.<crab.o3p.in>.EigenSolver[0].SolverMode' undefined, using default value automatic
Number of Grad DOFs: 345312
Warning: Key '<omega3p>.<crab.o3p.in>.EigenSolver[0].Tolerance' undefined, using default value 1e-12
Warning: Key '<omega3p>.<crab.o3p.in>.EigenSolver[0].MaxIterations' undefined, using default value 500

**********************************************************
 ARPACK Loop: 
Shift = 6.681093427536301e+01
**********************************************************
factorizing the matrix using MUMPS ...
Using ParMETIS for ordering...
Use 32 processors to do parallel reordering (ParMetis)
Partition of Processors: 0 1 2 3 4 5 6 7 8 9 10 11 12 13 14 15 16 17 18 19 20 21 22 23 24 25 26 27 28 29 30 31 32 
Processor 0: 0, 71274
Processor 1: 71274, 125152
Processor 2: 125152, 183522
Processor 3: 183522, 231002
Processor 4: 231002, 270814
Processor 5: 270814, 331956
Processor 6: 331956, 402668
Processor 7: 402668, 458672
Processor 8: 458672, 512352
Processor 9: 512352, 575430
Processor 10: 575430, 629438
Processor 11: 629438, 681088
Processor 12: 681088, 751526
Processor 13: 751526, 809626
Processor 14: 809626, 861100
Processor 15: 861100, 922862
Processor 16: 922862, 985782
Processor 17: 985782, 1043086
Processor 18: 1043086, 1104038
Processor 19: 1104038, 1163656
Processor 20: 1163656, 1212558
Processor 21: 1212558, 1296300
Processor 22: 1296300, 1359778
Processor 23: 1359778, 1428770
Processor 24: 1428770, 1490256
Processor 25: 1490256, 1546636
Processor 26: 1546636, 1608958
Processor 27: 1608958, 1677644
Processor 28: 1677644, 1737002
Processor 29: 1737002, 1804376
Processor 30: 1804376, 1866206
Processor 31: 1866206, 1928824
total: 1928824 32
Generate ordering using parmetis...
Finished generating ordering using parmetis 


Analysis step: 3.19977 seconds

	Maximal per-core estimated memory 	 1757 MB
	Aggregated estimated memory 	 34977 MB
	Maximal per-core estimated memory if OOC 	 930MB
	Aggregated estimated memory if OOC 	 23802MB


Factorization step: 23.4101 seconds

Memory usage:
used mem per MPI process: min: 8.3025e+02 MB, max: 1.5199e+03 MB, avg: 1.1171e+03 MB, stddev: 1.6348e+02 MB, total: 3.5748e+04 MB
used mem per node in GB : min: 1.2476e+01 GB, max: 1.3129e+01 GB, avg: 1.2918e+01 GB, stddev: 2.6386e-01 GB, total: 5.1672e+01 GB
used mem per node in %  : min: 9.8979e+00  %, max: 1.0416e+01  %, avg: 1.0249e+01  %, stddev: 2.0934e-01  %

	 ncv=6	 nev=1
Linear Solver Preparation Time: 3.0084e+01
Solver Time: 3.6516e+00
Number of converged eigenpairs = 1

Eigenvalue: 7.0507730948951760e+01
	Frequency: 4.0064451725272810e+08
	Residual: 2.1033057422706585e-10

**********************************************************
Total number of OP*x operations: 10
Total number of B*x operations if BMAT='G': 26
Total number of steps of re-orthogonalization: 6
**********************************************************
COMMIT MODE: 0 FREQ = 4.0064451725272810e+08	 k= 8.3968881705636491e+00	norm(v[0]) = 1.9178457522652700e+01
Number of TriSolve: 10. Average time for one TriSolv: 0.365238
      Setup: Max:   0.002, Sum:   0.080, Balance:   1.002
   Matching: Max:   0.004, Sum:   0.114, Balance:   1.001
Contraction: Max:   0.002, Sum:   0.079, Balance:   1.001
   InitPart: Max:   0.006, Sum:   0.194, Balance:   1.000
    Project: Max:   0.000, Sum:   0.003, Balance:   1.416
 Initialize: Max:   0.001, Sum:   0.032, Balance:   1.030
      K-way: Max:   0.007, Sum:   0.227, Balance:   1.000
      Remap: Max:   0.000, Sum:   0.002, Balance:   1.022
      Total: Max:   0.023, Sum:   0.736, Balance:   1.000
Omega3p ran in 51.958854 seconds.
32 3
*************************************************************
			 Omega3P

ACE3P git repo hash: d7798978f280eb606b875ff68830d1efa3f14f3d
ACE3P Codes Source Branch: master
Compile date:Compilation Date:          2016-03-24

*************************************************************

         Copyright 2016, Stanford University 

Authors make no representations or warranties, expressed or 
implied. By way of example, but not limitation, authors make 
no representatinos or warranties of merchantibility or 
fitness for any particular purpose or that the use of the 
software componentns of documentation will not infringe any
patents, copyrights, trademarks or other rights.

The Authors shall not be held liable for any liability 
nor for any direct, indirect or consequential damages with 
respect to any claim by users or any third party on account 
of or arising from the use of this software.

*************************************************************

Advanced Computations Department
SLAC National Accelerator Laboratory
https://slacportal.slac.stanford.edu/sites/ard_public/acd/Pages/Default.aspx
Contact: ace3p@slac.stanford.edu

Thank you for citing ACE3P when publishing related results.

*************************************************************

Starting master process on nid00024
Number of MPI processes: 32
Number of compute nodes: 4
Number of processes per node: 8
Data precision: 64 bits
Compiler: 5.2.0 20150716 (Cray Inc.)
Boundary conditions:
0 = INTERIOR
3 = ELECTRIC
4 = ELECTRIC
6 = EXTERIOR
7 = ELECTRIC
8 = ELECTRIC
9 = ELECTRIC
68 = ELECTRIC

Boundary 6 has surface conductivity of 58000000 S/m
Read Mesh: /global/cscratch1/sd/cwsmith/cws/cav17/cav17f.ncdf
ZOLTAN Load balancing method = 9 (GRAPH)
Build configuration:

  ZOLTAN_ID_TYPE: unsigned int (4 bytes)
  ZOLTAN_GNO_TYPE: ssize_t, (8 bytes)
  MPI_Datatype for ZOLTAN_ID_TYPE: MPI_UNSIGNED
  MPI_Datatype for ZOLTAN_GNO_TYPE: MPI_LONG
  Third party library: ParMetis version 4.0.3

ZOLTAN Parameter IMBALANCE_TOL[0] = 1.100000
ZOLTAN Parameter AUTO_MIGRATE = FALSE
ZOLTAN Parameter MIGRATE_ONLY_PROC_CHANGES = 1
ZOLTAN Parameter OBJ_WEIGHT_DIM = 1
ZOLTAN Parameter EDGE_WEIGHT_DIM = 0
ZOLTAN Parameter DEBUG_LEVEL = 1
ZOLTAN Parameter DEBUG_PROCESSOR = 0
ZOLTAN Parameter DETERMINISTIC = TRUE
ZOLTAN Parameter TIMER = 1 (wall)
ZOLTAN Parameter NUM_GID_ENTRIES = 1
ZOLTAN Parameter NUM_LID_ENTRIES = 1
ZOLTAN Parameter RETURN_LISTS = EXPORT
ZOLTAN Parameter NUM_GLOBAL_PARTS = 32
ZOLTAN Parameter NUM_LOCAL_PARTS = 1
ZOLTAN Parameter REMAP = 1
ZOLTAN Parameter SEED = 123456789 (123456789)
ZOLTAN Parameter LB_APPROACH = PARTITION
ZOLTAN Parameter GRAPH_PACKAGE = PARMETIS
ZOLTAN Parameter PARMETIS_METHOD = PARTKWAY
ZOLTAN Parameter PARMETIS_OUTPUT_LEVEL = 1
ZOLTAN Parameter PARMETIS_SEED = 15
ZOLTAN Parameter PARMETIS_ITR = 0.000000
ZOLTAN Parameter PARMETIS_COARSE_ALG = 2
ZOLTAN Parameter PARMETIS_FOLD = 0
Third party library index type is 4-byte integer
Third party library weight type is 4-byte integer
ZOLTAN Parameter CHECK_GRAPH = 0
ZOLTAN Parameter SCATTER_GRAPH = 1
ZOLTAN Parameter FINAL_OUTPUT = 0
ZOLTAN Parameter USE_TIMERS = 0
ZOLTAN Parameter ADD_OBJ_WEIGHT = NONE
ZOLTAN Parameter GRAPH_SYMMETRIZE = NONE
ZOLTAN Parameter GRAPH_SYM_WEIGHT = ADD
ZOLTAN Parameter GRAPH_BIPARTITE_TYPE = OBJ
ZOLTAN Parameter GRAPH_BUILD_TYPE = FAST_NO_DUP
ZOLTAN Parameter GRAPH_FAST_BUILD_BASE = 0
      Setup: Max:   0.013, Sum:   0.403, Balance:   1.001
   Matching: Max:   0.013, Sum:   0.426, Balance:   1.002
Contraction: Max:   0.010, Sum:   0.307, Balance:   1.003
   InitPart: Max:   0.006, Sum:   0.180, Balance:   1.000
    Project: Max:   0.001, Sum:   0.017, Balance:   1.150
 Initialize: Max:   0.002, Sum:   0.062, Balance:   1.045
      K-way: Max:   0.015, Sum:   0.484, Balance:   1.002
      Remap: Max:   0.000, Sum:   0.003, Balance:   1.007
      Total: Max:   0.059, Sum:   1.892, Balance:   1.000
planned Zoltan balance to target imbalance 1.100000 in 0.105119 seconds
Zoltan balanced to 1.100000 in 0.979461 seconds
PARMA_STATUS ghosts balanced in 122 steps to 1.010000 in 4.679271 seconds
Parma time to read: 1.554645
Parma time to convert shape: 0.070085
Parma time to balance w/ zoltan: 0.981539
Parma time to balance w/ ghosting: 4.681175
Parma time to convert to DM: 0.037175
Time for reading the model: 7.339412927627563

Using curved quadratic tetrahedrons
Setting global vector finite element basis order to p=2
Setting 'Material' PRegion basis order to p=2
Setting 'Material' PRegion basis order to p=2

***********************************************************
*	Total Number of Elements read: 	318118
*	Total Number of Elements used: 	318118
*	Total Number of DOFs: 	1928824
***********************************************************

Time for setting up finite element framework: 0.3635480403900146
/********************************/
/* input parameters, KVC syntax */
/********************************/


        Mesh : { 
            ReplicatedElementDistribution : { 
                min : 2097 
                total : 106899 
                stddev : 515.89257817664 
                max : 4301 
                average : 3340.59375 
            }
            File : /global/cscratch1/sd/cwsmith/cws/cav17/cav17f.ncdf 
            MeshCoords : 61467 
            ElementDistribution : { 
                min : 6430 
                total : 318118 
                stddev : 1467.5653623406 
                max : 14142 
                average : 9941.1875 
            }
        }
/********************************/





Checking Mesh Quality:

TETRAHEDRAL ELEMENTS:
  number   = 318118

INVERTED SECOND-ORDER ELEMENTS:
  number   = 0 <- GOOD!

ASPECT RATIO:
  min      = 1.024623027831843
  max      = 4.472390133933878 <- GREAT
  average  = 1.592208457637728
  std dev  = 0.2113001289824953

SHAPE MEASURE:
  min      = 0.02636811207617439
  max      = 2.032085651041011
  average  = 0.8065095520818661
  std dev  = 0.1171146939121726

ELEMENT VOLUME:
  min      = 4.098152253574042e-10
  max      = 5.095737283740086e-07
  average  = 1.028761733653779e-07
  std dev  = 7.731434302547829e-08

BOUNDING BOX:
  min      = (-0.1405064217552899, -0.1405071695106699, -0.3875000000000001)
  max      = (0.1405064684945338, 0.395, 0.39)

EDGE LENGTH:
  min      = 0.000842470129368026
  max      = 0.02394476734490312
  average  = 0.009452087621816759
  std dev  = 0.003464598912577529

Time for checking the mesh quality: 0.2892889976501465
Time for save/load ComputationalMesh: 0.002441883087158203
Total Volume of the structure is : 0.03272676251864728
Calling real solver
No.      	 Sum 	 Average	 Max 	 Min 	 Std_dev
Diagonal:	76944832	 2.40e+06	 3314804	 1593952	 3.35e+05
Offdiagonal:	3201056	 1.00e+05	 134140	 56676	 1.77e+04
Nonlocal v:	380650	 1.19e+04	 16052	 6776	 2.08e+03

Warning: Key '<omega3p>.<crab.o3p.in>.EigenSolver[0].SolverMode' undefined, using default value automatic
Number of Grad DOFs: 345312
Warning: Key '<omega3p>.<crab.o3p.in>.EigenSolver[0].Tolerance' undefined, using default value 1e-12
Warning: Key '<omega3p>.<crab.o3p.in>.EigenSolver[0].MaxIterations' undefined, using default value 500

**********************************************************
 ARPACK Loop: 
Shift = 6.681093427536301e+01
**********************************************************
factorizing the matrix using MUMPS ...
Using ParMETIS for ordering...
Use 32 processors to do parallel reordering (ParMetis)
Partition of Processors: 0 1 2 3 4 5 6 7 8 9 10 11 12 13 14 15 16 17 18 19 20 21 22 23 24 25 26 27 28 29 30 31 32 
Processor 0: 0, 71274
Processor 1: 71274, 125152
Processor 2: 125152, 183522
Processor 3: 183522, 231002
Processor 4: 231002, 270814
Processor 5: 270814, 331956
Processor 6: 331956, 402668
Processor 7: 402668, 458672
Processor 8: 458672, 512352
Processor 9: 512352, 575430
Processor 10: 575430, 629438
Processor 11: 629438, 681088
Processor 12: 681088, 751526
Processor 13: 751526, 809626
Processor 14: 809626, 861100
Processor 15: 861100, 922862
Processor 16: 922862, 985782
Processor 17: 985782, 1043086
Processor 18: 1043086, 1104038
Processor 19: 1104038, 1163656
Processor 20: 1163656, 1212558
Processor 21: 1212558, 1296300
Processor 22: 1296300, 1359778
Processor 23: 1359778, 1428770
Processor 24: 1428770, 1490256
Processor 25: 1490256, 1546636
Processor 26: 1546636, 1608958
Processor 27: 1608958, 1677644
Processor 28: 1677644, 1737002
Processor 29: 1737002, 1804376
Processor 30: 1804376, 1866206
Processor 31: 1866206, 1928824
total: 1928824 32
Generate ordering using parmetis...
Finished generating ordering using parmetis 


Analysis step: 3.19766 seconds

	Maximal per-core estimated memory 	 1757 MB
	Aggregated estimated memory 	 34977 MB
	Maximal per-core estimated memory if OOC 	 930MB
	Aggregated estimated memory if OOC 	 23802MB


Factorization step: 23.1673 seconds

Memory usage:
used mem per MPI process: min: 8.3355e+02 MB, max: 1.4858e+03 MB, avg: 1.1129e+03 MB, stddev: 1.6172e+02 MB, total: 3.5613e+04 MB
used mem per node in GB : min: 1.2456e+01 GB, max: 1.3145e+01 GB, avg: 1.2897e+01 GB, stddev: 2.6768e-01 GB, total: 5.1588e+01 GB
used mem per node in %  : min: 9.8823e+00  %, max: 1.0429e+01  %, avg: 1.0232e+01  %, stddev: 2.1237e-01  %

	 ncv=6	 nev=1
Linear Solver Preparation Time: 2.9808e+01
Solver Time: 3.6148e+00
Number of converged eigenpairs = 1

Eigenvalue: 7.0507730948951746e+01
	Frequency: 4.0064451725272810e+08
	Residual: 2.1032551337888892e-10

**********************************************************
Total number of OP*x operations: 10
Total number of B*x operations if BMAT='G': 26
Total number of steps of re-orthogonalization: 6
**********************************************************
COMMIT MODE: 0 FREQ = 4.0064451725272810e+08	 k= 8.3968881705636491e+00	norm(v[0]) = 1.9178457522652700e+01
Number of TriSolve: 10. Average time for one TriSolv: 0.361562
      Setup: Max:   0.003, Sum:   0.082, Balance:   1.003
   Matching: Max:   0.004, Sum:   0.122, Balance:   1.007
Contraction: Max:   0.003, Sum:   0.080, Balance:   1.002
   InitPart: Max:   0.007, Sum:   0.239, Balance:   1.000
    Project: Max:   0.000, Sum:   0.004, Balance:   1.435
 Initialize: Max:   0.001, Sum:   0.033, Balance:   1.039
      K-way: Max:   0.008, Sum:   0.249, Balance:   1.002
      Remap: Max:   0.000, Sum:   0.004, Balance:   1.004
      Total: Max:   0.026, Sum:   0.820, Balance:   1.000
Omega3p ran in 49.802771 seconds.
64 1
*************************************************************
			 Omega3P

ACE3P git repo hash: d7798978f280eb606b875ff68830d1efa3f14f3d
ACE3P Codes Source Branch: master
Compile date:Compilation Date:          2016-03-24

*************************************************************

         Copyright 2016, Stanford University 

Authors make no representations or warranties, expressed or 
implied. By way of example, but not limitation, authors make 
no representatinos or warranties of merchantibility or 
fitness for any particular purpose or that the use of the 
software componentns of documentation will not infringe any
patents, copyrights, trademarks or other rights.

The Authors shall not be held liable for any liability 
nor for any direct, indirect or consequential damages with 
respect to any claim by users or any third party on account 
of or arising from the use of this software.

*************************************************************

Advanced Computations Department
SLAC National Accelerator Laboratory
https://slacportal.slac.stanford.edu/sites/ard_public/acd/Pages/Default.aspx
Contact: ace3p@slac.stanford.edu

Thank you for citing ACE3P when publishing related results.

*************************************************************

Starting master process on nid00024
Number of MPI processes: 64
Number of compute nodes: 4
Number of processes per node: 16
Data precision: 64 bits
Compiler: 5.2.0 20150716 (Cray Inc.)
Boundary conditions:
0 = INTERIOR
3 = ELECTRIC
4 = ELECTRIC
6 = EXTERIOR
7 = ELECTRIC
8 = ELECTRIC
9 = ELECTRIC
68 = ELECTRIC

Boundary 6 has surface conductivity of 58000000 S/m
Read Mesh: /global/cscratch1/sd/cwsmith/cws/cav17/cav17f.ncdf
ZOLTAN Load balancing method = 9 (GRAPH)
Build configuration:

  ZOLTAN_ID_TYPE: unsigned int (4 bytes)
  ZOLTAN_GNO_TYPE: ssize_t, (8 bytes)
  MPI_Datatype for ZOLTAN_ID_TYPE: MPI_UNSIGNED
  MPI_Datatype for ZOLTAN_GNO_TYPE: MPI_LONG
  Third party library: ParMetis version 4.0.3

ZOLTAN Parameter IMBALANCE_TOL[0] = 1.100000
ZOLTAN Parameter AUTO_MIGRATE = FALSE
ZOLTAN Parameter MIGRATE_ONLY_PROC_CHANGES = 1
ZOLTAN Parameter OBJ_WEIGHT_DIM = 1
ZOLTAN Parameter EDGE_WEIGHT_DIM = 0
ZOLTAN Parameter DEBUG_LEVEL = 1
ZOLTAN Parameter DEBUG_PROCESSOR = 0
ZOLTAN Parameter DETERMINISTIC = TRUE
ZOLTAN Parameter TIMER = 1 (wall)
ZOLTAN Parameter NUM_GID_ENTRIES = 1
ZOLTAN Parameter NUM_LID_ENTRIES = 1
ZOLTAN Parameter RETURN_LISTS = EXPORT
ZOLTAN Parameter NUM_GLOBAL_PARTS = 64
ZOLTAN Parameter NUM_LOCAL_PARTS = 1
ZOLTAN Parameter REMAP = 1
ZOLTAN Parameter SEED = 123456789 (123456789)
ZOLTAN Parameter LB_APPROACH = PARTITION
ZOLTAN Parameter GRAPH_PACKAGE = PARMETIS
ZOLTAN Parameter PARMETIS_METHOD = PARTKWAY
ZOLTAN Parameter PARMETIS_OUTPUT_LEVEL = 1
ZOLTAN Parameter PARMETIS_SEED = 15
ZOLTAN Parameter PARMETIS_ITR = 0.000000
ZOLTAN Parameter PARMETIS_COARSE_ALG = 2
ZOLTAN Parameter PARMETIS_FOLD = 0
Third party library index type is 4-byte integer
Third party library weight type is 4-byte integer
ZOLTAN Parameter CHECK_GRAPH = 0
ZOLTAN Parameter SCATTER_GRAPH = 1
ZOLTAN Parameter FINAL_OUTPUT = 0
ZOLTAN Parameter USE_TIMERS = 0
ZOLTAN Parameter ADD_OBJ_WEIGHT = NONE
ZOLTAN Parameter GRAPH_SYMMETRIZE = NONE
ZOLTAN Parameter GRAPH_SYM_WEIGHT = ADD
ZOLTAN Parameter GRAPH_BIPARTITE_TYPE = OBJ
ZOLTAN Parameter GRAPH_BUILD_TYPE = FAST_NO_DUP
ZOLTAN Parameter GRAPH_FAST_BUILD_BASE = 0
      Setup: Max:   0.009, Sum:   0.594, Balance:   1.010
   Matching: Max:   0.017, Sum:   1.109, Balance:   1.002
Contraction: Max:   0.009, Sum:   0.539, Balance:   1.012
   InitPart: Max:   0.009, Sum:   0.562, Balance:   1.003
    Project: Max:   0.001, Sum:   0.048, Balance:   1.232
 Initialize: Max:   0.002, Sum:   0.128, Balance:   1.077
      K-way: Max:   0.021, Sum:   1.327, Balance:   1.001
      Remap: Max:   0.000, Sum:   0.009, Balance:   1.006
      Total: Max:   0.068, Sum:   4.357, Balance:   1.000
planned Zoltan balance to target imbalance 1.100000 in 0.099545 seconds
Zoltan balanced to 1.100000 in 0.772395 seconds
PARMA_STATUS ghosts balanced in 55 steps to 1.010000 in 1.864410 seconds
Parma time to read: 1.313605
Parma time to convert shape: 0.055005
Parma time to balance w/ zoltan: 0.773669
Parma time to balance w/ ghosting: 1.865550
Parma time to convert to DM: 0.026858
Time for reading the model: 4.042972087860107

Using curved quadratic tetrahedrons
Setting global vector finite element basis order to p=2
Setting 'Material' PRegion basis order to p=2
Setting 'Material' PRegion basis order to p=2

***********************************************************
*	Total Number of Elements read: 	318118
*	Total Number of Elements used: 	318118
*	Total Number of DOFs: 	1928824
***********************************************************

Time for setting up finite element framework: 0.2838280200958252
/********************************/
/* input parameters, KVC syntax */
/********************************/


        Mesh : { 
            ReplicatedElementDistribution : { 
                min : 1067 
                total : 157272 
                stddev : 525.47802877966 
                max : 3563 
                average : 2457.375 
            }
            File : /global/cscratch1/sd/cwsmith/cws/cav17/cav17f.ncdf 
            MeshCoords : 61467 
            ElementDistribution : { 
                min : 2739 
                total : 318118 
                stddev : 821.30458976355 
                max : 6535 
                average : 4970.59375 
            }
        }
/********************************/





Checking Mesh Quality:

TETRAHEDRAL ELEMENTS:
  number   = 318118

INVERTED SECOND-ORDER ELEMENTS:
  number   = 0 <- GOOD!

ASPECT RATIO:
  min      = 1.024623027831843
  max      = 4.472390133933878 <- GREAT
  average  = 1.592208457637729
  std dev  = 0.2113001289824954

SHAPE MEASURE:
  min      = 0.02636811207617439
  max      = 2.032085651041011
  average  = 0.8065095520818659
  std dev  = 0.1171146939121726

ELEMENT VOLUME:
  min      = 4.098152253574042e-10
  max      = 5.095737283740086e-07
  average  = 1.028761733653779e-07
  std dev  = 7.731434302547825e-08

BOUNDING BOX:
  min      = (-0.1405064217552899, -0.1405071695106699, -0.3875000000000001)
  max      = (0.1405064684945338, 0.395, 0.39)

EDGE LENGTH:
  min      = 0.000842470129368026
  max      = 0.02394476734490312
  average  = 0.009452087621816759
  std dev  = 0.003464598912577527

Time for checking the mesh quality: 0.1661489009857178
Time for save/load ComputationalMesh: 0.002414941787719727
Total Volume of the structure is : 0.03272676251864728
Calling real solver
No.      	 Sum 	 Average	 Max 	 Min 	 Std_dev
Diagonal:	75571920	 1.18e+06	 1466508	 671984	 1.79e+05
Offdiagonal:	4573968	 7.15e+04	 97488	 30328	 1.53e+04
Nonlocal v:	546986	 8.55e+03	 11506	 3802	 1.83e+03

Warning: Key '<omega3p>.<crab.o3p.in>.EigenSolver[0].SolverMode' undefined, using default value automatic
Number of Grad DOFs: 345312
Warning: Key '<omega3p>.<crab.o3p.in>.EigenSolver[0].Tolerance' undefined, using default value 1e-12
Warning: Key '<omega3p>.<crab.o3p.in>.EigenSolver[0].MaxIterations' undefined, using default value 500

**********************************************************
 ARPACK Loop: 
Shift = 6.681093427536301e+01
**********************************************************
factorizing the matrix using MUMPS ...
Using ParMETIS for ordering...
Use 32 processors to do parallel reordering (ParMetis)
Partition of Processors: 0 2 4 6 8 10 12 14 16 18 20 22 24 26 28 30 32 34 36 38 40 42 44 46 48 50 52 54 56 58 60 62 64 
Processor 0: 0, 58806
Processor 1: 58806, 112638
Processor 2: 112638, 155800
Processor 3: 155800, 224018
Processor 4: 224018, 290352
Processor 5: 290352, 351260
Processor 6: 351260, 414978
Processor 7: 414978, 465486
Processor 8: 465486, 518584
Processor 9: 518584, 586620
Processor 10: 586620, 641028
Processor 11: 641028, 693444
Processor 12: 693444, 748164
Processor 13: 748164, 810800
Processor 14: 810800, 870958
Processor 15: 870958, 927762
Processor 16: 927762, 988842
Processor 17: 988842, 1037214
Processor 18: 1037214, 1101684
Processor 19: 1101684, 1167960
Processor 20: 1167960, 1228930
Processor 21: 1228930, 1294830
Processor 22: 1294830, 1355954
Processor 23: 1355954, 1415032
Processor 24: 1415032, 1482194
Processor 25: 1482194, 1547258
Processor 26: 1547258, 1603164
Processor 27: 1603164, 1676602
Processor 28: 1676602, 1745610
Processor 29: 1745610, 1808768
Processor 30: 1808768, 1871572
Processor 31: 1871572, 1928824
total: 1928824 32
Generate ordering using parmetis...
Finished generating ordering using parmetis 


Analysis step: 3.73978 seconds

	Maximal per-core estimated memory 	 1126 MB
	Aggregated estimated memory 	 45418 MB
	Maximal per-core estimated memory if OOC 	 810MB
	Aggregated estimated memory if OOC 	 35942MB


Factorization step: 14.1378 seconds

Memory usage:
used mem per MPI process: min: 4.7652e+02 MB, max: 1.0360e+03 MB, avg: 6.2753e+02 MB, stddev: 1.3787e+02 MB, total: 4.0162e+04 MB
used mem per node in GB : min: 1.3085e+01 GB, max: 1.7137e+01 GB, avg: 1.4717e+01 GB, stddev: 1.5584e+00 GB, total: 5.8866e+01 GB
used mem per node in %  : min: 1.0381e+01  %, max: 1.3596e+01  %, avg: 1.1676e+01  %, stddev: 1.2364e+00  %

	 ncv=6	 nev=1
Linear Solver Preparation Time: 2.1804e+01
Solver Time: 3.3178e+00
Number of converged eigenpairs = 1

Eigenvalue: 7.0507730948951888e+01
	Frequency: 4.0064451725272858e+08
	Residual: 5.6440762197501078e-12

**********************************************************
Total number of OP*x operations: 13
Total number of B*x operations if BMAT='G': 35
Total number of steps of re-orthogonalization: 8
**********************************************************
COMMIT MODE: 0 FREQ = 4.0064451725272858e+08	 k= 8.3968881705636580e+00	norm(v[0]) = 1.9178458121574000e+01
Number of TriSolve: 13. Average time for one TriSolv: 0.255675
      Setup: Max:   0.002, Sum:   0.157, Balance:   1.006
   Matching: Max:   0.003, Sum:   0.214, Balance:   1.002
Contraction: Max:   0.002, Sum:   0.123, Balance:   1.003
   InitPart: Max:   0.008, Sum:   0.486, Balance:   1.000
    Project: Max:   0.000, Sum:   0.007, Balance:   1.352
 Initialize: Max:   0.001, Sum:   0.051, Balance:   1.058
      K-way: Max:   0.008, Sum:   0.488, Balance:   1.001
      Remap: Max:   0.000, Sum:   0.004, Balance:   1.015
      Total: Max:   0.024, Sum:   1.541, Balance:   1.000
Omega3p ran in 34.672250 seconds.
64 2
*************************************************************
			 Omega3P

ACE3P git repo hash: d7798978f280eb606b875ff68830d1efa3f14f3d
ACE3P Codes Source Branch: master
Compile date:Compilation Date:          2016-03-24

*************************************************************

         Copyright 2016, Stanford University 

Authors make no representations or warranties, expressed or 
implied. By way of example, but not limitation, authors make 
no representatinos or warranties of merchantibility or 
fitness for any particular purpose or that the use of the 
software componentns of documentation will not infringe any
patents, copyrights, trademarks or other rights.

The Authors shall not be held liable for any liability 
nor for any direct, indirect or consequential damages with 
respect to any claim by users or any third party on account 
of or arising from the use of this software.

*************************************************************

Advanced Computations Department
SLAC National Accelerator Laboratory
https://slacportal.slac.stanford.edu/sites/ard_public/acd/Pages/Default.aspx
Contact: ace3p@slac.stanford.edu

Thank you for citing ACE3P when publishing related results.

*************************************************************

Starting master process on nid00024
Number of MPI processes: 64
Number of compute nodes: 4
Number of processes per node: 16
Data precision: 64 bits
Compiler: 5.2.0 20150716 (Cray Inc.)
Boundary conditions:
0 = INTERIOR
3 = ELECTRIC
4 = ELECTRIC
6 = EXTERIOR
7 = ELECTRIC
8 = ELECTRIC
9 = ELECTRIC
68 = ELECTRIC

Boundary 6 has surface conductivity of 58000000 S/m
Read Mesh: /global/cscratch1/sd/cwsmith/cws/cav17/cav17f.ncdf
ZOLTAN Load balancing method = 9 (GRAPH)
Build configuration:

  ZOLTAN_ID_TYPE: unsigned int (4 bytes)
  ZOLTAN_GNO_TYPE: ssize_t, (8 bytes)
  MPI_Datatype for ZOLTAN_ID_TYPE: MPI_UNSIGNED
  MPI_Datatype for ZOLTAN_GNO_TYPE: MPI_LONG
  Third party library: ParMetis version 4.0.3

ZOLTAN Parameter IMBALANCE_TOL[0] = 1.100000
ZOLTAN Parameter AUTO_MIGRATE = FALSE
ZOLTAN Parameter MIGRATE_ONLY_PROC_CHANGES = 1
ZOLTAN Parameter OBJ_WEIGHT_DIM = 1
ZOLTAN Parameter EDGE_WEIGHT_DIM = 0
ZOLTAN Parameter DEBUG_LEVEL = 1
ZOLTAN Parameter DEBUG_PROCESSOR = 0
ZOLTAN Parameter DETERMINISTIC = TRUE
ZOLTAN Parameter TIMER = 1 (wall)
ZOLTAN Parameter NUM_GID_ENTRIES = 1
ZOLTAN Parameter NUM_LID_ENTRIES = 1
ZOLTAN Parameter RETURN_LISTS = EXPORT
ZOLTAN Parameter NUM_GLOBAL_PARTS = 64
ZOLTAN Parameter NUM_LOCAL_PARTS = 1
ZOLTAN Parameter REMAP = 1
ZOLTAN Parameter SEED = 123456789 (123456789)
ZOLTAN Parameter LB_APPROACH = PARTITION
ZOLTAN Parameter GRAPH_PACKAGE = PARMETIS
ZOLTAN Parameter PARMETIS_METHOD = PARTKWAY
ZOLTAN Parameter PARMETIS_OUTPUT_LEVEL = 1
ZOLTAN Parameter PARMETIS_SEED = 15
ZOLTAN Parameter PARMETIS_ITR = 0.000000
ZOLTAN Parameter PARMETIS_COARSE_ALG = 2
ZOLTAN Parameter PARMETIS_FOLD = 0
Third party library index type is 4-byte integer
Third party library weight type is 4-byte integer
ZOLTAN Parameter CHECK_GRAPH = 0
ZOLTAN Parameter SCATTER_GRAPH = 1
ZOLTAN Parameter FINAL_OUTPUT = 0
ZOLTAN Parameter USE_TIMERS = 0
ZOLTAN Parameter ADD_OBJ_WEIGHT = NONE
ZOLTAN Parameter GRAPH_SYMMETRIZE = NONE
ZOLTAN Parameter GRAPH_SYM_WEIGHT = ADD
ZOLTAN Parameter GRAPH_BIPARTITE_TYPE = OBJ
ZOLTAN Parameter GRAPH_BUILD_TYPE = FAST_NO_DUP
ZOLTAN Parameter GRAPH_FAST_BUILD_BASE = 0
      Setup: Max:   0.008, Sum:   0.527, Balance:   1.001
   Matching: Max:   0.016, Sum:   1.029, Balance:   1.000
Contraction: Max:   0.008, Sum:   0.511, Balance:   1.001
   InitPart: Max:   0.008, Sum:   0.503, Balance:   1.000
    Project: Max:   0.001, Sum:   0.058, Balance:   1.203
 Initialize: Max:   0.002, Sum:   0.146, Balance:   1.078
      K-way: Max:   0.022, Sum:   1.394, Balance:   1.002
      Remap: Max:   0.000, Sum:   0.009, Balance:   1.008
      Total: Max:   0.066, Sum:   4.203, Balance:   1.000
planned Zoltan balance to target imbalance 1.100000 in 0.097097 seconds
Zoltan balanced to 1.100000 in 0.769229 seconds
PARMA_STATUS ghosts balanced in 55 steps to 1.010000 in 1.855878 seconds
Parma time to read: 32.072412
Parma time to convert shape: 0.056184
Parma time to balance w/ zoltan: 0.770505
Parma time to balance w/ ghosting: 1.856999
Parma time to convert to DM: 0.027226
Time for reading the model: 34.79160404205322

Using curved quadratic tetrahedrons
Setting global vector finite element basis order to p=2
Setting 'Material' PRegion basis order to p=2
Setting 'Material' PRegion basis order to p=2

***********************************************************
*	Total Number of Elements read: 	318118
*	Total Number of Elements used: 	318118
*	Total Number of DOFs: 	1928824
***********************************************************

Time for setting up finite element framework: 0.2851099967956543
/********************************/
/* input parameters, KVC syntax */
/********************************/


        Mesh : { 
            ReplicatedElementDistribution : { 
                min : 1067 
                total : 157272 
                stddev : 525.47802877966 
                max : 3563 
                average : 2457.375 
            }
            File : /global/cscratch1/sd/cwsmith/cws/cav17/cav17f.ncdf 
            MeshCoords : 61467 
            ElementDistribution : { 
                min : 2739 
                total : 318118 
                stddev : 821.30458976355 
                max : 6535 
                average : 4970.59375 
            }
        }
/********************************/





Checking Mesh Quality:

TETRAHEDRAL ELEMENTS:
  number   = 318118

INVERTED SECOND-ORDER ELEMENTS:
  number   = 0 <- GOOD!

ASPECT RATIO:
  min      = 1.024623027831843
  max      = 4.472390133933878 <- GREAT
  average  = 1.592208457637729
  std dev  = 0.2113001289824954

SHAPE MEASURE:
  min      = 0.02636811207617439
  max      = 2.032085651041011
  average  = 0.8065095520818659
  std dev  = 0.1171146939121726

ELEMENT VOLUME:
  min      = 4.098152253574042e-10
  max      = 5.095737283740086e-07
  average  = 1.028761733653779e-07
  std dev  = 7.731434302547825e-08

BOUNDING BOX:
  min      = (-0.1405064217552899, -0.1405071695106699, -0.3875000000000001)
  max      = (0.1405064684945338, 0.395, 0.39)

EDGE LENGTH:
  min      = 0.000842470129368026
  max      = 0.02394476734490312
  average  = 0.009452087621816759
  std dev  = 0.003464598912577527

Time for checking the mesh quality: 0.1672508716583252
Time for save/load ComputationalMesh: 0.002545833587646484
Total Volume of the structure is : 0.03272676251864728
Calling real solver
No.      	 Sum 	 Average	 Max 	 Min 	 Std_dev
Diagonal:	75571920	 1.18e+06	 1466508	 671984	 1.79e+05
Offdiagonal:	4573968	 7.15e+04	 97488	 30328	 1.53e+04
Nonlocal v:	546986	 8.55e+03	 11506	 3802	 1.83e+03

Warning: Key '<omega3p>.<crab.o3p.in>.EigenSolver[0].SolverMode' undefined, using default value automatic
Number of Grad DOFs: 345312
Warning: Key '<omega3p>.<crab.o3p.in>.EigenSolver[0].Tolerance' undefined, using default value 1e-12
Warning: Key '<omega3p>.<crab.o3p.in>.EigenSolver[0].MaxIterations' undefined, using default value 500

**********************************************************
 ARPACK Loop: 
Shift = 6.681093427536301e+01
**********************************************************
factorizing the matrix using MUMPS ...
Using ParMETIS for ordering...
Use 32 processors to do parallel reordering (ParMetis)
Partition of Processors: 0 2 4 6 8 10 12 14 16 18 20 22 24 26 28 30 32 34 36 38 40 42 44 46 48 50 52 54 56 58 60 62 64 
Processor 0: 0, 58806
Processor 1: 58806, 112638
Processor 2: 112638, 155800
Processor 3: 155800, 224018
Processor 4: 224018, 290352
Processor 5: 290352, 351260
Processor 6: 351260, 414978
Processor 7: 414978, 465486
Processor 8: 465486, 518584
Processor 9: 518584, 586620
Processor 10: 586620, 641028
Processor 11: 641028, 693444
Processor 12: 693444, 748164
Processor 13: 748164, 810800
Processor 14: 810800, 870958
Processor 15: 870958, 927762
Processor 16: 927762, 988842
Processor 17: 988842, 1037214
Processor 18: 1037214, 1101684
Processor 19: 1101684, 1167960
Processor 20: 1167960, 1228930
Processor 21: 1228930, 1294830
Processor 22: 1294830, 1355954
Processor 23: 1355954, 1415032
Processor 24: 1415032, 1482194
Processor 25: 1482194, 1547258
Processor 26: 1547258, 1603164
Processor 27: 1603164, 1676602
Processor 28: 1676602, 1745610
Processor 29: 1745610, 1808768
Processor 30: 1808768, 1871572
Processor 31: 1871572, 1928824
total: 1928824 32
Generate ordering using parmetis...
Finished generating ordering using parmetis 


Analysis step: 3.73148 seconds

	Maximal per-core estimated memory 	 1126 MB
	Aggregated estimated memory 	 45418 MB
	Maximal per-core estimated memory if OOC 	 810MB
	Aggregated estimated memory if OOC 	 35942MB


Factorization step: 14.6726 seconds

Memory usage:
used mem per MPI process: min: 4.6934e+02 MB, max: 1.0400e+03 MB, avg: 6.2573e+02 MB, stddev: 1.3676e+02 MB, total: 4.0047e+04 MB
used mem per node in GB : min: 1.3130e+01 GB, max: 1.7029e+01 GB, avg: 1.4689e+01 GB, stddev: 1.5326e+00 GB, total: 5.8754e+01 GB
used mem per node in %  : min: 1.0417e+01  %, max: 1.3511e+01  %, avg: 1.1654e+01  %, stddev: 1.2159e+00  %

	 ncv=6	 nev=1
Linear Solver Preparation Time: 2.2317e+01
Solver Time: 3.3043e+00
Number of converged eigenpairs = 1

Eigenvalue: 7.0507730948951917e+01
	Frequency: 4.0064451725272864e+08
	Residual: 5.4649503815834621e-12

**********************************************************
Total number of OP*x operations: 13
Total number of B*x operations if BMAT='G': 35
Total number of steps of re-orthogonalization: 8
**********************************************************
COMMIT MODE: 0 FREQ = 4.0064451725272864e+08	 k= 8.3968881705636598e+00	norm(v[0]) = 1.9178458121574003e+01
Number of TriSolve: 13. Average time for one TriSolv: 0.254664
      Setup: Max:   0.003, Sum:   0.177, Balance:   1.015
   Matching: Max:   0.005, Sum:   0.338, Balance:   1.010
Contraction: Max:   0.003, Sum:   0.165, Balance:   1.007
   InitPart: Max:   0.008, Sum:   0.534, Balance:   1.000
    Project: Max:   0.000, Sum:   0.008, Balance:   1.421
 Initialize: Max:   0.001, Sum:   0.062, Balance:   1.072
      K-way: Max:   0.009, Sum:   0.558, Balance:   1.003
      Remap: Max:   0.000, Sum:   0.005, Balance:   1.016
      Total: Max:   0.029, Sum:   1.864, Balance:   1.000
Omega3p ran in 66.817558 seconds.
64 3
*************************************************************
			 Omega3P

ACE3P git repo hash: d7798978f280eb606b875ff68830d1efa3f14f3d
ACE3P Codes Source Branch: master
Compile date:Compilation Date:          2016-03-24

*************************************************************

         Copyright 2016, Stanford University 

Authors make no representations or warranties, expressed or 
implied. By way of example, but not limitation, authors make 
no representatinos or warranties of merchantibility or 
fitness for any particular purpose or that the use of the 
software componentns of documentation will not infringe any
patents, copyrights, trademarks or other rights.

The Authors shall not be held liable for any liability 
nor for any direct, indirect or consequential damages with 
respect to any claim by users or any third party on account 
of or arising from the use of this software.

*************************************************************

Advanced Computations Department
SLAC National Accelerator Laboratory
https://slacportal.slac.stanford.edu/sites/ard_public/acd/Pages/Default.aspx
Contact: ace3p@slac.stanford.edu

Thank you for citing ACE3P when publishing related results.

*************************************************************

Starting master process on nid00024
Number of MPI processes: 64
Number of compute nodes: 4
Number of processes per node: 16
Data precision: 64 bits
Compiler: 5.2.0 20150716 (Cray Inc.)
Boundary conditions:
0 = INTERIOR
3 = ELECTRIC
4 = ELECTRIC
6 = EXTERIOR
7 = ELECTRIC
8 = ELECTRIC
9 = ELECTRIC
68 = ELECTRIC

Boundary 6 has surface conductivity of 58000000 S/m
Read Mesh: /global/cscratch1/sd/cwsmith/cws/cav17/cav17f.ncdf
ZOLTAN Load balancing method = 9 (GRAPH)
Build configuration:

  ZOLTAN_ID_TYPE: unsigned int (4 bytes)
  ZOLTAN_GNO_TYPE: ssize_t, (8 bytes)
  MPI_Datatype for ZOLTAN_ID_TYPE: MPI_UNSIGNED
  MPI_Datatype for ZOLTAN_GNO_TYPE: MPI_LONG
  Third party library: ParMetis version 4.0.3

ZOLTAN Parameter IMBALANCE_TOL[0] = 1.100000
ZOLTAN Parameter AUTO_MIGRATE = FALSE
ZOLTAN Parameter MIGRATE_ONLY_PROC_CHANGES = 1
ZOLTAN Parameter OBJ_WEIGHT_DIM = 1
ZOLTAN Parameter EDGE_WEIGHT_DIM = 0
ZOLTAN Parameter DEBUG_LEVEL = 1
ZOLTAN Parameter DEBUG_PROCESSOR = 0
ZOLTAN Parameter DETERMINISTIC = TRUE
ZOLTAN Parameter TIMER = 1 (wall)
ZOLTAN Parameter NUM_GID_ENTRIES = 1
ZOLTAN Parameter NUM_LID_ENTRIES = 1
ZOLTAN Parameter RETURN_LISTS = EXPORT
ZOLTAN Parameter NUM_GLOBAL_PARTS = 64
ZOLTAN Parameter NUM_LOCAL_PARTS = 1
ZOLTAN Parameter REMAP = 1
ZOLTAN Parameter SEED = 123456789 (123456789)
ZOLTAN Parameter LB_APPROACH = PARTITION
ZOLTAN Parameter GRAPH_PACKAGE = PARMETIS
ZOLTAN Parameter PARMETIS_METHOD = PARTKWAY
ZOLTAN Parameter PARMETIS_OUTPUT_LEVEL = 1
ZOLTAN Parameter PARMETIS_SEED = 15
ZOLTAN Parameter PARMETIS_ITR = 0.000000
ZOLTAN Parameter PARMETIS_COARSE_ALG = 2
ZOLTAN Parameter PARMETIS_FOLD = 0
Third party library index type is 4-byte integer
Third party library weight type is 4-byte integer
ZOLTAN Parameter CHECK_GRAPH = 0
ZOLTAN Parameter SCATTER_GRAPH = 1
ZOLTAN Parameter FINAL_OUTPUT = 0
ZOLTAN Parameter USE_TIMERS = 0
ZOLTAN Parameter ADD_OBJ_WEIGHT = NONE
ZOLTAN Parameter GRAPH_SYMMETRIZE = NONE
ZOLTAN Parameter GRAPH_SYM_WEIGHT = ADD
ZOLTAN Parameter GRAPH_BIPARTITE_TYPE = OBJ
ZOLTAN Parameter GRAPH_BUILD_TYPE = FAST_NO_DUP
ZOLTAN Parameter GRAPH_FAST_BUILD_BASE = 0
      Setup: Max:   0.010, Sum:   0.616, Balance:   1.001
   Matching: Max:   0.018, Sum:   1.144, Balance:   1.001
Contraction: Max:   0.008, Sum:   0.490, Balance:   1.002
   InitPart: Max:   0.008, Sum:   0.527, Balance:   1.001
    Project: Max:   0.001, Sum:   0.052, Balance:   1.263
 Initialize: Max:   0.002, Sum:   0.135, Balance:   1.081
      K-way: Max:   0.022, Sum:   1.420, Balance:   1.003
      Remap: Max:   0.000, Sum:   0.026, Balance:   1.061
      Total: Max:   0.070, Sum:   4.467, Balance:   1.000
planned Zoltan balance to target imbalance 1.100000 in 0.104993 seconds
Zoltan balanced to 1.100000 in 0.780646 seconds
PARMA_STATUS ghosts balanced in 55 steps to 1.010000 in 1.858575 seconds
Parma time to read: 1.392394
Parma time to convert shape: 0.056271
Parma time to balance w/ zoltan: 0.781968
Parma time to balance w/ ghosting: 1.859750
Parma time to convert to DM: 0.027425
Time for reading the model: 4.126086950302124

Using curved quadratic tetrahedrons
Setting global vector finite element basis order to p=2
Setting 'Material' PRegion basis order to p=2
Setting 'Material' PRegion basis order to p=2

***********************************************************
*	Total Number of Elements read: 	318118
*	Total Number of Elements used: 	318118
*	Total Number of DOFs: 	1928824
***********************************************************

Time for setting up finite element framework: 0.2850639820098877
/********************************/
/* input parameters, KVC syntax */
/********************************/


        Mesh : { 
            ReplicatedElementDistribution : { 
                min : 1067 
                total : 157272 
                stddev : 525.47802877966 
                max : 3563 
                average : 2457.375 
            }
            File : /global/cscratch1/sd/cwsmith/cws/cav17/cav17f.ncdf 
            MeshCoords : 61467 
            ElementDistribution : { 
                min : 2739 
                total : 318118 
                stddev : 821.30458976355 
                max : 6535 
                average : 4970.59375 
            }
        }
/********************************/





Checking Mesh Quality:

TETRAHEDRAL ELEMENTS:
  number   = 318118

INVERTED SECOND-ORDER ELEMENTS:
  number   = 0 <- GOOD!

ASPECT RATIO:
  min      = 1.024623027831843
  max      = 4.472390133933878 <- GREAT
  average  = 1.592208457637729
  std dev  = 0.2113001289824954

SHAPE MEASURE:
  min      = 0.02636811207617439
  max      = 2.032085651041011
  average  = 0.8065095520818659
  std dev  = 0.1171146939121726

ELEMENT VOLUME:
  min      = 4.098152253574042e-10
  max      = 5.095737283740086e-07
  average  = 1.028761733653779e-07
  std dev  = 7.731434302547825e-08

BOUNDING BOX:
  min      = (-0.1405064217552899, -0.1405071695106699, -0.3875000000000001)
  max      = (0.1405064684945338, 0.395, 0.39)

EDGE LENGTH:
  min      = 0.000842470129368026
  max      = 0.02394476734490312
  average  = 0.009452087621816759
  std dev  = 0.003464598912577527

Time for checking the mesh quality: 0.1659071445465088
Time for save/load ComputationalMesh: 0.002367019653320312
Total Volume of the structure is : 0.03272676251864728
Calling real solver
No.      	 Sum 	 Average	 Max 	 Min 	 Std_dev
Diagonal:	75571920	 1.18e+06	 1466508	 671984	 1.79e+05
Offdiagonal:	4573968	 7.15e+04	 97488	 30328	 1.53e+04
Nonlocal v:	546986	 8.55e+03	 11506	 3802	 1.83e+03

Warning: Key '<omega3p>.<crab.o3p.in>.EigenSolver[0].SolverMode' undefined, using default value automatic
Number of Grad DOFs: 345312
Warning: Key '<omega3p>.<crab.o3p.i
**********************************************************
 ARPACK Loop: 
Shift = 6.681093427536301e+01
**********************************************************
n>.EigenSolver[0].Tolerance' undefined, using default value 1e-12
Warning: Key '<omega3p>.<crab.o3p.in>.EigenSolver[0].MaxIterations' undefined, using default value 500
factorizing the matrix using MUMPS ...
Using ParMETIS for ordering...
Use 32 processors to do parallel reordering (ParMetis)
Partition of Processors: 0 2 4 6 8 10 12 14 16 18 20 22 24 26 28 30 32 34 36 38 40 42 44 46 48 50 52 54 56 58 60 62 64 
Processor 0: 0, 58806
Processor 1: 58806, 112638
Processor 2: 112638, 155800
Processor 3: 155800, 224018
Processor 4: 224018, 290352
Processor 5: 290352, 351260
Processor 6: 351260, 414978
Processor 7: 414978, 465486
Processor 8: 465486, 518584
Processor 9: 518584, 586620
Processor 10: 586620, 641028
Processor 11: 641028, 693444
Processor 12: 693444, 748164
Processor 13: 748164, 810800
Processor 14: 810800, 870958
Processor 15: 870958, 927762
Processor 16: 927762, 988842
Processor 17: 988842, 1037214
Processor 18: 1037214, 1101684
Processor 19: 1101684, 1167960
Processor 20: 1167960, 1228930
Processor 21: 1228930, 1294830
Processor 22: 1294830, 1355954
Processor 23: 1355954, 1415032
Processor 24: 1415032, 1482194
Processor 25: 1482194, 1547258
Processor 26: 1547258, 1603164
Processor 27: 1603164, 1676602
Processor 28: 1676602, 1745610
Processor 29: 1745610, 1808768
Processor 30: 1808768, 1871572
Processor 31: 1871572, 1928824
total: 1928824 32
Generate ordering using parmetis...
Finished generating ordering using parmetis 


Analysis step: 3.75138 seconds

	Maximal per-core estimated memory 	 1126 MB
	Aggregated estimated memory 	 45418 MB
	Maximal per-core estimated memory if OOC 	 810MB
	Aggregated estimated memory if OOC 	 35942MB


Factorization step: 17.3639 seconds

Memory usage:
used mem per MPI process: min: 4.7254e+02 MB, max: 1.0394e+03 MB, avg: 6.2792e+02 MB, stddev: 1.3491e+02 MB, total: 4.0187e+04 MB
used mem per node in GB : min: 1.3196e+01 GB, max: 1.7032e+01 GB, avg: 1.4744e+01 GB, stddev: 1.5138e+00 GB, total: 5.8976e+01 GB
used mem per node in %  : min: 1.0469e+01  %, max: 1.3513e+01  %, avg: 1.1698e+01  %, stddev: 1.2011e+00  %

	 ncv=6	 nev=1
Linear Solver Preparation Time: 2.5050e+01
Solver Time: 3.3293e+00
Number of converged eigenpairs = 1

Eigenvalue: 7.0507730948951945e+01
	Frequency: 4.0064451725272870e+08
	Residual: 5.0364468008089449e-12

**********************************************************
Total number of OP*x operations: 13
Total number of B*x operations if BMAT='G': 35
Total number of steps of re-orthogonalization: 8
**********************************************************
COMMIT MODE: 0 FREQ = 4.0064451725272870e+08	 k= 8.3968881705636615e+00	norm(v[0]) = 1.9178458121574003e+01
Number of TriSolve: 13. Average time for one TriSolv: 0.256552
      Setup: Max:   0.002, Sum:   0.135, Balance:   1.006
   Matching: Max:   0.004, Sum:   0.226, Balance:   1.003
Contraction: Max:   0.002, Sum:   0.128, Balance:   1.006
   InitPart: Max:   0.007, Sum:   0.459, Balance:   1.000
    Project: Max:   0.000, Sum:   0.008, Balance:   1.817
 Initialize: Max:   0.001, Sum:   0.059, Balance:   1.096
      K-way: Max:   0.009, Sum:   0.546, Balance:   1.004
      Remap: Max:   0.000, Sum:   0.004, Balance:   1.013
      Total: Max:   0.025, Sum:   1.576, Balance:   1.000
Omega3p ran in 38.131269 seconds.
128 1
*************************************************************
			 Omega3P

ACE3P git repo hash: d7798978f280eb606b875ff68830d1efa3f14f3d
ACE3P Codes Source Branch: master
Compile date:Compilation Date:          2016-03-24

*************************************************************

         Copyright 2016, Stanford University 

Authors make no representations or warranties, expressed or 
implied. By way of example, but not limitation, authors make 
no representatinos or warranties of merchantibility or 
fitness for any particular purpose or that the use of the 
software componentns of documentation will not infringe any
patents, copyrights, trademarks or other rights.

The Authors shall not be held liable for any liability 
nor for any direct, indirect or consequential damages with 
respect to any claim by users or any third party on account 
of or arising from the use of this software.

*************************************************************

Advanced Computations Department
SLAC National Accelerator Laboratory
https://slacportal.slac.stanford.edu/sites/ard_public/acd/Pages/Default.aspx
Contact: ace3p@slac.stanford.edu

Thank you for citing ACE3P when publishing related results.

*************************************************************

Starting master process on nid00024
Number of MPI processes: 128
Number of compute nodes: 4
Number of processes per node: 32
Data precision: 64 bits
Compiler: 5.2.0 20150716 (Cray Inc.)
Boundary conditions:
0 = INTERIOR
3 = ELECTRIC
4 = ELECTRIC
6 = EXTERIOR
7 = ELECTRIC
8 = ELECTRIC
9 = ELECTRIC
68 = ELECTRIC

Boundary 6 has surface conductivity of 58000000 S/m
Read Mesh: /global/cscratch1/sd/cwsmith/cws/cav17/cav17f.ncdf
ZOLTAN Load balancing method = 9 (GRAPH)
Build configuration:

  ZOLTAN_ID_TYPE: unsigned int (4 bytes)
  ZOLTAN_GNO_TYPE: ssize_t, (8 bytes)
  MPI_Datatype for ZOLTAN_ID_TYPE: MPI_UNSIGNED
  MPI_Datatype for ZOLTAN_GNO_TYPE: MPI_LONG
  Third party library: ParMetis version 4.0.3

ZOLTAN Parameter IMBALANCE_TOL[0] = 1.100000
ZOLTAN Parameter AUTO_MIGRATE = FALSE
ZOLTAN Parameter MIGRATE_ONLY_PROC_CHANGES = 1
ZOLTAN Parameter OBJ_WEIGHT_DIM = 1
ZOLTAN Parameter EDGE_WEIGHT_DIM = 0
ZOLTAN Parameter DEBUG_LEVEL = 1
ZOLTAN Parameter DEBUG_PROCESSOR = 0
ZOLTAN Parameter DETERMINISTIC = TRUE
ZOLTAN Parameter TIMER = 1 (wall)
ZOLTAN Parameter NUM_GID_ENTRIES = 1
ZOLTAN Parameter NUM_LID_ENTRIES = 1
ZOLTAN Parameter RETURN_LISTS = EXPORT
ZOLTAN Parameter NUM_GLOBAL_PARTS = 128
ZOLTAN Parameter NUM_LOCAL_PARTS = 1
ZOLTAN Parameter REMAP = 1
ZOLTAN Parameter SEED = 123456789 (123456789)
ZOLTAN Parameter LB_APPROACH = PARTITION
ZOLTAN Parameter GRAPH_PACKAGE = PARMETIS
ZOLTAN Parameter PARMETIS_METHOD = PARTKWAY
ZOLTAN Parameter PARMETIS_OUTPUT_LEVEL = 1
ZOLTAN Parameter PARMETIS_SEED = 15
ZOLTAN Parameter PARMETIS_ITR = 0.000000
ZOLTAN Parameter PARMETIS_COARSE_ALG = 2
ZOLTAN Parameter PARMETIS_FOLD = 0
Third party library index type is 4-byte integer
Third party library weight type is 4-byte integer
ZOLTAN Parameter CHECK_GRAPH = 0
ZOLTAN Parameter SCATTER_GRAPH = 1
ZOLTAN Parameter FINAL_OUTPUT = 0
ZOLTAN Parameter USE_TIMERS = 0
ZOLTAN Parameter ADD_OBJ_WEIGHT = NONE
ZOLTAN Parameter GRAPH_SYMMETRIZE = NONE
ZOLTAN Parameter GRAPH_SYM_WEIGHT = ADD
ZOLTAN Parameter GRAPH_BIPARTITE_TYPE = OBJ
ZOLTAN Parameter GRAPH_BUILD_TYPE = FAST_NO_DUP
ZOLTAN Parameter GRAPH_FAST_BUILD_BASE = 0
      Setup: Max:   0.007, Sum:   0.909, Balance:   1.001
   Matching: Max:   0.027, Sum:   3.507, Balance:   1.001
Contraction: Max:   0.010, Sum:   1.256, Balance:   1.001
   InitPart: Max:   0.012, Sum:   1.521, Balance:   1.000
    Project: Max:   0.001, Sum:   0.152, Balance:   1.136
 Initialize: Max:   0.004, Sum:   0.468, Balance:   1.058
      K-way: Max:   0.044, Sum:   5.590, Balance:   1.002
      Remap: Max:   0.000, Sum:   0.034, Balance:   1.008
      Total: Max:   0.106, Sum:  13.536, Balance:   1.000
planned Zoltan balance to target imbalance 1.100000 in 0.132525 seconds
Zoltan balanced to 1.100000 in 0.564663 seconds
PARMA_STATUS ghosts balanced in 65 steps to 1.010000 in 1.696016 seconds
Parma time to read: 1.393061
Parma time to convert shape: 0.051143
Parma time to balance w/ zoltan: 0.565371
Parma time to balance w/ ghosting: 1.696686
Parma time to convert to DM: 0.020260
Time for reading the model: 3.731809854507446

Using curved quadratic tetrahedrons
Setting global vector finite element basis order to p=2
Setting 'Material' PRegion basis order to p=2
Setting 'Material' PRegion basis order to p=2

***********************************************************
*	Total Number of Elements read: 	318118
*	Total Number of Elements used: 	318118
*	Total Number of DOFs: 	1928824
***********************************************************

Time for setting up finite element framework: 0.3045938014984131
/********************************/
/* input parameters, KVC syntax */
/********************************/


        Mesh : { 
            ReplicatedElementDistribution : { 
                min : 876 
                total : 232149 
                stddev : 340.89380611091 
                max : 2494 
                average : 1813.6640625 
            }
            File : /global/cscratch1/sd/cwsmith/cws/cav17/cav17f.ncdf 
            MeshCoords : 61467 
            ElementDistribution : { 
                min : 1348 
                total : 318118 
                stddev : 479.59361667511 
                max : 3704 
                average : 2485.296875 
            }
        }
/********************************/





Checking Mesh Quality:

TETRAHEDRAL ELEMENTS:
  number   = 318118

INVERTED SECOND-ORDER ELEMENTS:
  number   = 0 <- GOOD!

ASPECT RATIO:
  min      = 1.024623027831843
  max      = 4.472390133933878 <- GREAT
  average  = 1.592208457637729
  std dev  = 0.2113001289824953

SHAPE MEASURE:
  min      = 0.02636811207617439
  max      = 2.032085651041011
  average  = 0.8065095520818659
  std dev  = 0.1171146939121726

ELEMENT VOLUME:
  min      = 4.098152253574042e-10
  max      = 5.095737283740086e-07
  average  = 1.028761733653779e-07
  std dev  = 7.731434302547826e-08

BOUNDING BOX:
  min      = (-0.1405064217552899, -0.1405071695106699, -0.3875000000000001)
  max      = (0.1405064684945338, 0.395, 0.39)

EDGE LENGTH:
  min      = 0.000842470129368026
  max      = 0.02394476734490312
  average  = 0.009452087621816754
  std dev  = 0.003464598912577527

Time for checking the mesh quality: 0.09922599792480469
Time for save/load ComputationalMesh: 2.173282146453857
Total Volume of the structure is : 0.03272676251864728
Calling real solver
No.      	 Sum 	 Average	 Max 	 Min 	 Std_dev
Diagonal:	73752760	 5.76e+05	 828948	 314148	 1.04e+05
Offdiagonal:	6393128	 4.99e+04	 69776	 24608	 1.00e+04
Nonlocal v:	778324	 6.08e+03	 8382	 2582	 1.23e+03

Warning: Key '<omega3p>.<crab.o3p.in>.EigenSolver[0].SolverMode' undefined, using default value automatic
Number of Grad DOFs: 345312
Warning: Key '<omega3p>.<crab.o3p.in>.EigenSolver[0].Tolerance' undefined, using default value 1e-12
Warning: Key '<omega3p>.<crab.o3p.in>.EigenSolver[0].MaxIterations' undefined, using default value 500

**********************************************************
 ARPACK Loop: 
Shift = 6.681093427536301e+01
**********************************************************
factorizing the matrix using MUMPS ...
Using ParMETIS for ordering...
Use 32 processors to do parallel reordering (ParMetis)
Partition of Processors: 0 4 8 12 16 20 24 28 32 36 40 44 48 52 56 60 64 68 72 76 80 84 88 92 96 100 104 108 112 116 120 124 128 
Processor 0: 0, 52618
Processor 1: 52618, 107290
Processor 2: 107290, 159934
Processor 3: 159934, 224754
Processor 4: 224754, 276148
Processor 5: 276148, 334754
Processor 6: 334754, 398716
Processor 7: 398716, 454568
Processor 8: 454568, 521464
Processor 9: 521464, 584564
Processor 10: 584564, 648434
Processor 11: 648434, 704890
Processor 12: 704890, 757462
Processor 13: 757462, 816614
Processor 14: 816614, 876854
Processor 15: 876854, 925274
Processor 16: 925274, 979816
Processor 17: 979816, 1041306
Processor 18: 1041306, 1101578
Processor 19: 1101578, 1152656
Processor 20: 1152656, 1213422
Processor 21: 1213422, 1279578
Processor 22: 1279578, 1338114
Processor 23: 1338114, 1404708
Processor 24: 1404708, 1470236
Processor 25: 1470236, 1530560
Processor 26: 1530560, 1592444
Processor 27: 1592444, 1658744
Processor 28: 1658744, 1728522
Processor 29: 1728522, 1795882
Processor 30: 1795882, 1866308
Processor 31: 1866308, 1928824
total: 1928824 32
Generate ordering using parmetis...
Finished generating ordering using parmetis 


Analysis step: 3.93746 seconds

	Maximal per-core estimated memory 	 893 MB
	Aggregated estimated memory 	 60470 MB
	Maximal per-core estimated memory if OOC 	 520MB
	Aggregated estimated memory if OOC 	 53183MB


Factorization step: 20.6112 seconds

Memory usage:
used mem per MPI process: min: 2.5981e+02 MB, max: 7.3000e+02 MB, avg: 3.7465e+02 MB, stddev: 7.1769e+01 MB, total: 4.7955e+04 MB
used mem per node in GB : min: 1.6691e+01 GB, max: 1.9855e+01 GB, avg: 1.7661e+01 GB, stddev: 1.2804e+00 GB, total: 7.0645e+01 GB
used mem per node in %  : min: 1.3243e+01  %, max: 1.5753e+01  %, avg: 1.4012e+01  %, stddev: 1.0158e+00  %

	 ncv=6	 nev=1
Linear Solver Preparation Time: 2.8791e+01
Solver Time: 3.5593e+00
Number of converged eigenpairs = 1

Eigenvalue: 7.0507730948952087e+01
	Frequency: 4.0064451725272906e+08
	Residual: 4.9808979152822950e-12

**********************************************************
Total number of OP*x operations: 13
Total number of B*x operations if BMAT='G': 36
Total number of steps of re-orthogonalization: 9
**********************************************************
COMMIT MODE: 0 FREQ = 4.0064451725272906e+08	 k= 8.3968881705636687e+00	norm(v[0]) = 1.9178458134364547e+01
Number of TriSolve: 13. Average time for one TriSolv: 0.275338
      Setup: Max:   0.002, Sum:   0.210, Balance:   1.024
   Matching: Max:   0.003, Sum:   0.419, Balance:   1.001
Contraction: Max:   0.001, Sum:   0.185, Balance:   1.002
   InitPart: Max:   0.013, Sum:   1.608, Balance:   1.000
    Project: Max:   0.000, Sum:   0.015, Balance:   1.401
 Initialize: Max:   0.001, Sum:   0.099, Balance:   1.064
      K-way: Max:   0.007, Sum:   0.919, Balance:   1.001
      Remap: Max:   0.000, Sum:   0.012, Balance:   1.007
      Total: Max:   0.027, Sum:   3.491, Balance:   1.000
Omega3p ran in 42.602089 seconds.
128 2
*************************************************************
			 Omega3P

ACE3P git repo hash: d7798978f280eb606b875ff68830d1efa3f14f3d
ACE3P Codes Source Branch: master
Compile date:Compilation Date:          2016-03-24

*************************************************************

         Copyright 2016, Stanford University 

Authors make no representations or warranties, expressed or 
implied. By way of example, but not limitation, authors make 
no representatinos or warranties of merchantibility or 
fitness for any particular purpose or that the use of the 
software componentns of documentation will not infringe any
patents, copyrights, trademarks or other rights.

The Authors shall not be held liable for any liability 
nor for any direct, indirect or consequential damages with 
respect to any claim by users or any third party on account 
of or arising from the use of this software.

*************************************************************

Advanced Computations Department
SLAC National Accelerator Laboratory
https://slacportal.slac.stanford.edu/sites/ard_public/acd/Pages/Default.aspx
Contact: ace3p@slac.stanford.edu

Thank you for citing ACE3P when publishing related results.

*************************************************************

Starting master process on nid00024
Number of MPI processes: 128
Number of compute nodes: 4
Number of processes per node: 32
Data precision: 64 bits
Compiler: 5.2.0 20150716 (Cray Inc.)
Boundary conditions:
0 = INTERIOR
3 = ELECTRIC
4 = ELECTRIC
6 = EXTERIOR
7 = ELECTRIC
8 = ELECTRIC
9 = ELECTRIC
68 = ELECTRIC

Boundary 6 has surface conductivity of 58000000 S/m
Read Mesh: /global/cscratch1/sd/cwsmith/cws/cav17/cav17f.ncdf
ZOLTAN Load balancing method = 9 (GRAPH)
Build configuration:

  ZOLTAN_ID_TYPE: unsigned int (4 bytes)
  ZOLTAN_GNO_TYPE: ssize_t, (8 bytes)
  MPI_Datatype for ZOLTAN_ID_TYPE: MPI_UNSIGNED
  MPI_Datatype for ZOLTAN_GNO_TYPE: MPI_LONG
  Third party library: ParMetis version 4.0.3

ZOLTAN Parameter IMBALANCE_TOL[0] = 1.100000
ZOLTAN Parameter AUTO_MIGRATE = FALSE
ZOLTAN Parameter MIGRATE_ONLY_PROC_CHANGES = 1
ZOLTAN Parameter OBJ_WEIGHT_DIM = 1
ZOLTAN Parameter EDGE_WEIGHT_DIM = 0
ZOLTAN Parameter DEBUG_LEVEL = 1
ZOLTAN Parameter DEBUG_PROCESSOR = 0
ZOLTAN Parameter DETERMINISTIC = TRUE
ZOLTAN Parameter TIMER = 1 (wall)
ZOLTAN Parameter NUM_GID_ENTRIES = 1
ZOLTAN Parameter NUM_LID_ENTRIES = 1
ZOLTAN Parameter RETURN_LISTS = EXPORT
ZOLTAN Parameter NUM_GLOBAL_PARTS = 128
ZOLTAN Parameter NUM_LOCAL_PARTS = 1
ZOLTAN Parameter REMAP = 1
ZOLTAN Parameter SEED = 123456789 (123456789)
ZOLTAN Parameter LB_APPROACH = PARTITION
ZOLTAN Parameter GRAPH_PACKAGE = PARMETIS
ZOLTAN Parameter PARMETIS_METHOD = PARTKWAY
ZOLTAN Parameter PARMETIS_OUTPUT_LEVEL = 1
ZOLTAN Parameter PARMETIS_SEED = 15
ZOLTAN Parameter PARMETIS_ITR = 0.000000
ZOLTAN Parameter PARMETIS_COARSE_ALG = 2
ZOLTAN Parameter PARMETIS_FOLD = 0
Third party library index type is 4-byte integer
Third party library weight type is 4-byte integer
ZOLTAN Parameter CHECK_GRAPH = 0
ZOLTAN Parameter SCATTER_GRAPH = 1
ZOLTAN Parameter FINAL_OUTPUT = 0
ZOLTAN Parameter USE_TIMERS = 0
ZOLTAN Parameter ADD_OBJ_WEIGHT = NONE
ZOLTAN Parameter GRAPH_SYMMETRIZE = NONE
ZOLTAN Parameter GRAPH_SYM_WEIGHT = ADD
ZOLTAN Parameter GRAPH_BIPARTITE_TYPE = OBJ
ZOLTAN Parameter GRAPH_BUILD_TYPE = FAST_NO_DUP
ZOLTAN Parameter GRAPH_FAST_BUILD_BASE = 0
      Setup: Max:   0.008, Sum:   0.967, Balance:   1.003
   Matching: Max:   0.028, Sum:   3.571, Balance:   1.000
Contraction: Max:   0.010, Sum:   1.244, Balance:   1.001
   InitPart: Max:   0.012, Sum:   1.521, Balance:   1.000
    Project: Max:   0.001, Sum:   0.158, Balance:   1.172
 Initialize: Max:   0.004, Sum:   0.464, Balance:   1.053
      K-way: Max:   0.041, Sum:   5.221, Balance:   1.002
      Remap: Max:   0.000, Sum:   0.034, Balance:   1.004
      Total: Max:   0.104, Sum:  13.270, Balance:   1.000
planned Zoltan balance to target imbalance 1.100000 in 0.131164 seconds
Zoltan balanced to 1.100000 in 0.560441 seconds
PARMA_STATUS ghosts balanced in 65 steps to 1.010000 in 1.700466 seconds
Parma time to read: 1.294385
Parma time to convert shape: 0.049139
Parma time to balance w/ zoltan: 0.561163
Parma time to balance w/ ghosting: 1.701161
Parma time to convert to DM: 0.020394
Time for reading the model: 3.63158917427063

Using curved quadratic tetrahedrons
Setting global vector finite element basis order to p=2
Setting 'Material' PRegion basis order to p=2
Setting 'Material' PRegion basis order to p=2

***********************************************************
*	Total Number of Elements read: 	318118
*	Total Number of Elements used: 	318118
*	Total Number of DOFs: 	1928824
***********************************************************

Time for setting up finite element framework: 0.3055830001831055
/********************************/
/* input parameters, KVC syntax */
/********************************/


        Mesh : { 
            ReplicatedElementDistribution : { 
                min : 876 
                total : 232149 
                stddev : 340.89380611091 
                max : 2494 
                average : 1813.6640625 
            }
            File : /global/cscratch1/sd/cwsmith/cws/cav17/cav17f.ncdf 
            MeshCoords : 61467 
            ElementDistribution : { 
                min : 1348 
                total : 318118 
                stddev : 479.59361667511 
                max : 3704 
                average : 2485.296875 
            }
        }
/********************************/





Checking Mesh Quality:

TETRAHEDRAL ELEMENTS:
  number   = 318118

INVERTED SECOND-ORDER ELEMENTS:
  number   = 0 <- GOOD!

ASPECT RATIO:
  min      = 1.024623027831843
  max      = 4.472390133933878 <- GREAT
  average  = 1.592208457637729
  std dev  = 0.2113001289824953

SHAPE MEASURE:
  min      = 0.02636811207617439
  max      = 2.032085651041011
  average  = 0.8065095520818659
  std dev  = 0.1171146939121726

ELEMENT VOLUME:
  min      = 4.098152253574042e-10
  max      = 5.095737283740086e-07
  average  = 1.028761733653779e-07
  std dev  = 7.731434302547826e-08

BOUNDING BOX:
  min      = (-0.1405064217552899, -0.1405071695106699, -0.3875000000000001)
  max      = (0.1405064684945338, 0.395, 0.39)

EDGE LENGTH:
  min      = 0.000842470129368026
  max      = 0.02394476734490312
  average  = 0.009452087621816754
  std dev  = 0.003464598912577527

Time for checking the mesh quality: 0.09817099571228027
Time for save/load ComputationalMesh: 0.002497196197509766
Total Volume of the structure is : 0.03272676251864728
Calling real solver
No.      	 Sum 	 Average	 Max 	 Min 	 Std_dev
Diagonal:	73752760	 5.76e+05	 828948	 314148	 1.04e+05
Offdiagonal:	6393128	 4.99e+04	 69776	 24608	 1.00e+04
Nonlocal v:	778324	 6.08e+03	 8382	 2582	 1.23e+03

Warning: Key '<omega3p>.<crab.o3p.in>.EigenSolver[0].SolverMode' undefined, using default value automatic
Number of Grad DOFs: 345312
Warning: Key '<omega3p>.<crab.o3p.in>.EigenSolver[0].Tolerance' undefined, using default value 1e-12
Warning: Key '<omega3p>.<crab.o3p.in>.EigenSolver[0].MaxIterations' undefined, using default value 500

**********************************************************
 ARPACK Loop: 
Shift = 6.681093427536301e+01
**********************************************************
factorizing the matrix using MUMPS ...
Using ParMETIS for ordering...
Use 32 processors to do parallel reordering (ParMetis)
Partition of Processors: 0 4 8 12 16 20 24 28 32 36 40 44 48 52 56 60 64 68 72 76 80 84 88 92 96 100 104 108 112 116 120 124 128 
Processor 0: 0, 52618
Processor 1: 52618, 107290
Processor 2: 107290, 159934
Processor 3: 159934, 224754
Processor 4: 224754, 276148
Processor 5: 276148, 334754
Processor 6: 334754, 398716
Processor 7: 398716, 454568
Processor 8: 454568, 521464
Processor 9: 521464, 584564
Processor 10: 584564, 648434
Processor 11: 648434, 704890
Processor 12: 704890, 757462
Processor 13: 757462, 816614
Processor 14: 816614, 876854
Processor 15: 876854, 925274
Processor 16: 925274, 979816
Processor 17: 979816, 1041306
Processor 18: 1041306, 1101578
Processor 19: 1101578, 1152656
Processor 20: 1152656, 1213422
Processor 21: 1213422, 1279578
Processor 22: 1279578, 1338114
Processor 23: 1338114, 1404708
Processor 24: 1404708, 1470236
Processor 25: 1470236, 1530560
Processor 26: 1530560, 1592444
Processor 27: 1592444, 1658744
Processor 28: 1658744, 1728522
Processor 29: 1728522, 1795882
Processor 30: 1795882, 1866308
Processor 31: 1866308, 1928824
total: 1928824 32
Generate ordering using parmetis...
Finished generating ordering using parmetis 


Analysis step: 3.97969 seconds

	Maximal per-core estimated memory 	 893 MB
	Aggregated estimated memory 	 60470 MB
	Maximal per-core estimated memory if OOC 	 520MB
	Aggregated estimated memory if OOC 	 53183MB


Factorization step: 18.8579 seconds

Memory usage:
used mem per MPI process: min: 2.6806e+02 MB, max: 7.3670e+02 MB, avg: 3.7632e+02 MB, stddev: 7.3626e+01 MB, total: 4.8169e+04 MB
used mem per node in GB : min: 1.6713e+01 GB, max: 1.9991e+01 GB, avg: 1.7690e+01 GB, stddev: 1.3400e+00 GB, total: 7.0759e+01 GB
used mem per node in %  : min: 1.3260e+01  %, max: 1.5860e+01  %, avg: 1.4035e+01  %, stddev: 1.0631e+00  %

	 ncv=6	 nev=1
Linear Solver Preparation Time: 2.7085e+01
Solver Time: 3.5153e+00
Number of converged eigenpairs = 1

Eigenvalue: 7.0507730948952101e+01
	Frequency: 4.0064451725272912e+08
	Residual: 5.0243172045528604e-12

**********************************************************
Total number of OP*x operations: 13
Total number of B*x operations if BMAT='G': 36
Total number of steps of re-orthogonalization: 9
**********************************************************
COMMIT MODE: 0 FREQ = 4.0064451725272912e+08	 k= 8.3968881705636704e+00	norm(v[0]) = 1.9178458134364529e+01
Number of TriSolve: 13. Average time for one TriSolv: 0.271982
      Setup: Max:   0.002, Sum:   0.214, Balance:   1.024
   Matching: Max:   0.003, Sum:   0.422, Balance:   1.001
Contraction: Max:   0.001, Sum:   0.184, Balance:   1.003
   InitPart: Max:   0.014, Sum:   1.735, Balance:   1.001
    Project: Max:   0.000, Sum:   0.015, Balance:   1.374
 Initialize: Max:   0.001, Sum:   0.099, Balance:   1.065
      K-way: Max:   0.007, Sum:   0.950, Balance:   1.001
      Remap: Max:   0.000, Sum:   0.012, Balance:   1.006
      Total: Max:   0.029, Sum:   3.655, Balance:   1.000
Omega3p ran in 41.155734 seconds.
128 3
*************************************************************
			 Omega3P

ACE3P git repo hash: d7798978f280eb606b875ff68830d1efa3f14f3d
ACE3P Codes Source Branch: master
Compile date:Compilation Date:          2016-03-24

*************************************************************

         Copyright 2016, Stanford University 

Authors make no representations or warranties, expressed or 
implied. By way of example, but not limitation, authors make 
no representatinos or warranties of merchantibility or 
fitness for any particular purpose or that the use of the 
software componentns of documentation will not infringe any
patents, copyrights, trademarks or other rights.

The Authors shall not be held liable for any liability 
nor for any direct, indirect or consequential damages with 
respect to any claim by users or any third party on account 
of or arising from the use of this software.

*************************************************************

Advanced Computations Department
SLAC National Accelerator Laboratory
https://slacportal.slac.stanford.edu/sites/ard_public/acd/Pages/Default.aspx
Contact: ace3p@slac.stanford.edu

Thank you for citing ACE3P when publishing related results.

*************************************************************

Starting master process on nid00024
Number of MPI processes: 128
Number of compute nodes: 4
Number of processes per node: 32
Data precision: 64 bits
Compiler: 5.2.0 20150716 (Cray Inc.)
Boundary conditions:
0 = INTERIOR
3 = ELECTRIC
4 = ELECTRIC
6 = EXTERIOR
7 = ELECTRIC
8 = ELECTRIC
9 = ELECTRIC
68 = ELECTRIC

Boundary 6 has surface conductivity of 58000000 S/m
Read Mesh: /global/cscratch1/sd/cwsmith/cws/cav17/cav17f.ncdf
ZOLTAN Load balancing method = 9 (GRAPH)
Build configuration:

  ZOLTAN_ID_TYPE: unsigned int (4 bytes)
  ZOLTAN_GNO_TYPE: ssize_t, (8 bytes)
  MPI_Datatype for ZOLTAN_ID_TYPE: MPI_UNSIGNED
  MPI_Datatype for ZOLTAN_GNO_TYPE: MPI_LONG
  Third party library: ParMetis version 4.0.3

ZOLTAN Parameter IMBALANCE_TOL[0] = 1.100000
ZOLTAN Parameter AUTO_MIGRATE = FALSE
ZOLTAN Parameter MIGRATE_ONLY_PROC_CHANGES = 1
ZOLTAN Parameter OBJ_WEIGHT_DIM = 1
ZOLTAN Parameter EDGE_WEIGHT_DIM = 0
ZOLTAN Parameter DEBUG_LEVEL = 1
ZOLTAN Parameter DEBUG_PROCESSOR = 0
ZOLTAN Parameter DETERMINISTIC = TRUE
ZOLTAN Parameter TIMER = 1 (wall)
ZOLTAN Parameter NUM_GID_ENTRIES = 1
ZOLTAN Parameter NUM_LID_ENTRIES = 1
ZOLTAN Parameter RETURN_LISTS = EXPORT
ZOLTAN Parameter NUM_GLOBAL_PARTS = 128
ZOLTAN Parameter NUM_LOCAL_PARTS = 1
ZOLTAN Parameter REMAP = 1
ZOLTAN Parameter SEED = 123456789 (123456789)
ZOLTAN Parameter LB_APPROACH = PARTITION
ZOLTAN Parameter GRAPH_PACKAGE = PARMETIS
ZOLTAN Parameter PARMETIS_METHOD = PARTKWAY
ZOLTAN Parameter PARMETIS_OUTPUT_LEVEL = 1
ZOLTAN Parameter PARMETIS_SEED = 15
ZOLTAN Parameter PARMETIS_ITR = 0.000000
ZOLTAN Parameter PARMETIS_COARSE_ALG = 2
ZOLTAN Parameter PARMETIS_FOLD = 0
Third party library index type is 4-byte integer
Third party library weight type is 4-byte integer
ZOLTAN Parameter CHECK_GRAPH = 0
ZOLTAN Parameter SCATTER_GRAPH = 1
ZOLTAN Parameter FINAL_OUTPUT = 0
ZOLTAN Parameter USE_TIMERS = 0
ZOLTAN Parameter ADD_OBJ_WEIGHT = NONE
ZOLTAN Parameter GRAPH_SYMMETRIZE = NONE
ZOLTAN Parameter GRAPH_SYM_WEIGHT = ADD
ZOLTAN Parameter GRAPH_BIPARTITE_TYPE = OBJ
ZOLTAN Parameter GRAPH_BUILD_TYPE = FAST_NO_DUP
ZOLTAN Parameter GRAPH_FAST_BUILD_BASE = 0
      Setup: Max:   0.008, Sum:   0.966, Balance:   1.003
   Matching: Max:   0.027, Sum:   3.503, Balance:   1.000
Contraction: Max:   0.010, Sum:   1.244, Balance:   1.000
   InitPart: Max:   0.012, Sum:   1.561, Balance:   1.000
    Project: Max:   0.001, Sum:   0.167, Balance:   1.113
 Initialize: Max:   0.004, Sum:   0.455, Balance:   1.063
      K-way: Max:   0.040, Sum:   5.048, Balance:   1.002
      Remap: Max:   0.000, Sum:   0.035, Balance:   1.001
      Total: Max:   0.102, Sum:  13.092, Balance:   1.000
planned Zoltan balance to target imbalance 1.100000 in 0.127675 seconds
Zoltan balanced to 1.100000 in 0.556899 seconds
PARMA_STATUS ghosts balanced in 65 steps to 1.010000 in 1.677007 seconds
Parma time to read: 1.375297
Parma time to convert shape: 0.054647
Parma time to balance w/ zoltan: 0.557620
Parma time to balance w/ ghosting: 1.677657
Parma time to convert to DM: 0.020322
Time for reading the model: 3.690780162811279

Using curved quadratic tetrahedrons
Setting global vector finite element basis order to p=2
Setting 'Material' PRegion basis order to p=2
Setting 'Material' PRegion basis order to p=2

***********************************************************
*	Total Number of Elements read: 	318118
*	Total Number of Elements used: 	318118
*	Total Number of DOFs: 	1928824
***********************************************************

Time for setting up finite element framework: 0.2902228832244873
/********************************/
/* input parameters, KVC syntax */
/********************************/


        Mesh : { 
            ReplicatedElementDistribution : { 
                min : 876 
                total : 232149 
                stddev : 340.89380611091 
                max : 2494 
                average : 1813.6640625 
            }
            File : /global/cscratch1/sd/cwsmith/cws/cav17/cav17f.ncdf 
            MeshCoords : 61467 
            ElementDistribution : { 
                min : 1348 
                total : 318118 
                stddev : 479.59361667511 
                max : 3704 
                average : 2485.296875 
            }
        }
/********************************/





Checking Mesh Quality:

TETRAHEDRAL ELEMENTS:
  number   = 318118

INVERTED SECOND-ORDER ELEMENTS:
  number   = 0 <- GOOD!

ASPECT RATIO:
  min      = 1.024623027831843
  max      = 4.472390133933878 <- GREAT
  average  = 1.592208457637729
  std dev  = 0.2113001289824953

SHAPE MEASURE:
  min      = 0.02636811207617439
  max      = 2.032085651041011
  average  = 0.8065095520818659
  std dev  = 0.1171146939121726

ELEMENT VOLUME:
  min      = 4.098152253574042e-10
  max      = 5.095737283740086e-07
  average  = 1.028761733653779e-07
  std dev  = 7.731434302547826e-08

BOUNDING BOX:
  min      = (-0.1405064217552899, -0.1405071695106699, -0.3875000000000001)
  max      = (0.1405064684945338, 0.395, 0.39)

EDGE LENGTH:
  min      = 0.000842470129368026
  max      = 0.02394476734490312
  average  = 0.009452087621816754
  std dev  = 0.003464598912577527

Time for checking the mesh quality: 0.09833097457885742
Time for save/load ComputationalMesh: 0.00223994255065918
Total Volume of the structure is : 0.03272676251864728
Calling real solver
No.      	 Sum 	 Average	 Max 	 Min 	 Std_dev
Diagonal:	73752760	 5.76e+05	 828948	 314148	 1.04e+05
Offdiagonal:	6393128	 4.99e+04	 69776	 24608	 1.00e+04
Nonlocal v:	778324	 6.08e+03	 8382	 2582	 1.23e+03

Warning: Key '<omega3p>.<crab.o3p.in>.EigenSolver[0].SolverMode' undefined, using default value automatic
Number of Grad DOFs: 345312
Warning: Key '<omega3p>.<crab.o3p.in>.EigenSolver[0].Tolerance' undefined, using default value 1e-12
Warning: Key '<omega3p>.<crab.o3p.in>.EigenSolver[0].MaxIterations' undefined, using default value 500

**********************************************************
 ARPACK Loop: 
Shift = 6.681093427536301e+01
**********************************************************
factorizing the matrix using MUMPS ...
Using ParMETIS for ordering...
Use 32 processors to do parallel reordering (ParMetis)
Partition of Processors: 0 4 8 12 16 20 24 28 32 36 40 44 48 52 56 60 64 68 72 76 80 84 88 92 96 100 104 108 112 116 120 124 128 
Processor 0: 0, 52618
Processor 1: 52618, 107290
Processor 2: 107290, 159934
Processor 3: 159934, 224754
Processor 4: 224754, 276148
Processor 5: 276148, 334754
Processor 6: 334754, 398716
Processor 7: 398716, 454568
Processor 8: 454568, 521464
Processor 9: 521464, 584564
Processor 10: 584564, 648434
Processor 11: 648434, 704890
Processor 12: 704890, 757462
Processor 13: 757462, 816614
Processor 14: 816614, 876854
Processor 15: 876854, 925274
Processor 16: 925274, 979816
Processor 17: 979816, 1041306
Processor 18: 1041306, 1101578
Processor 19: 1101578, 1152656
Processor 20: 1152656, 1213422
Processor 21: 1213422, 1279578
Processor 22: 1279578, 1338114
Processor 23: 1338114, 1404708
Processor 24: 1404708, 1470236
Processor 25: 1470236, 1530560
Processor 26: 1530560, 1592444
Processor 27: 1592444, 1658744
Processor 28: 1658744, 1728522
Processor 29: 1728522, 1795882
Processor 30: 1795882, 1866308
Processor 31: 1866308, 1928824
total: 1928824 32
Generate ordering using parmetis...
Finished generating ordering using parmetis 


Analysis step: 3.94753 seconds

	Maximal per-core estimated memory 	 893 MB
	Aggregated estimated memory 	 60470 MB
	Maximal per-core estimated memory if OOC 	 520MB
	Aggregated estimated memory if OOC 	 53183MB


Factorization step: 21.9476 seconds

Memory usage:
used mem per MPI process: min: 2.6555e+02 MB, max: 7.2130e+02 MB, avg: 3.7644e+02 MB, stddev: 7.3489e+01 MB, total: 4.8185e+04 MB
used mem per node in GB : min: 1.6729e+01 GB, max: 2.0029e+01 GB, avg: 1.7709e+01 GB, stddev: 1.3510e+00 GB, total: 7.0837e+01 GB
used mem per node in %  : min: 1.3273e+01  %, max: 1.5890e+01  %, avg: 1.4050e+01  %, stddev: 1.0719e+00  %

	 ncv=6	 nev=1
Linear Solver Preparation Time: 3.0161e+01
Solver Time: 3.6274e+00
Number of converged eigenpairs = 1

Eigenvalue: 7.0507730948952059e+01
	Frequency: 4.0064451725272894e+08
	Residual: 5.0260043785283994e-12

**********************************************************
Total number of OP*x operations: 13
Total number of B*x operations if BMAT='G': 36
Total number of steps of re-orthogonalization: 9
**********************************************************
COMMIT MODE: 0 FREQ = 4.0064451725272894e+08	 k= 8.3968881705636669e+00	norm(v[0]) = 1.9178458134364529e+01
Number of TriSolve: 13. Average time for one TriSolv: 0.280605
      Setup: Max:   0.002, Sum:   0.239, Balance:   1.030
   Matching: Max:   0.003, Sum:   0.427, Balance:   1.001
Contraction: Max:   0.001, Sum:   0.179, Balance:   1.011
   InitPart: Max:   0.013, Sum:   1.714, Balance:   1.000
    Project: Max:   0.000, Sum:   0.015, Balance:   1.424
 Initialize: Max:   0.001, Sum:   0.100, Balance:   1.066
      K-way: Max:   0.008, Sum:   1.005, Balance:   1.001
      Remap: Max:   0.000, Sum:   0.012, Balance:   1.009
      Total: Max:   0.029, Sum:   3.732, Balance:   1.000
Omega3p ran in 41.839827 seconds.
